2025-03-20 16:52:09,605 - [Crafty] - INFO     - __main__ - ***** Crafty Controller Started *****
2025-03-20 16:52:09,606 - [Crafty] - INFO     - app.classes.shared.helpers - No process found for pid. Assuming crafty crashed. Deleting stale session.lock
2025-03-20 16:52:09,606 - [Crafty] - INFO     - app.classes.shared.migration - Starting migrations
2025-03-20 16:52:09,614 - [Crafty] - INFO     - app.classes.shared.migration - There is nothing to migrate
2025-03-20 16:52:09,650 - [Crafty] - INFO     - app.classes.shared.helpers - SSL Cert File is set to: /workspaces/FriendlySMP/crafty/app/config/web/certs/commander.cert.pem
2025-03-20 16:52:09,650 - [Crafty] - INFO     - __main__ - Initializing all servers defined
2025-03-20 16:52:09,650 - [Crafty] - INFO     - app.classes.shared.helpers - SSL Key File is set to: /workspaces/FriendlySMP/crafty/app/config/web/certs/commander.key.pem
2025-03-20 16:52:09,651 - [Crafty] - INFO     - app.classes.shared.helpers - Cert and Key files already exists, not creating them.
2025-03-20 16:52:09,654 - [Crafty] - INFO     - app.classes.controllers.servers_controller - Checking to see if we already registered 8431bed5-48c2-468a-bed1-7eb64b1b9468
2025-03-20 16:52:09,656 - [Crafty] - INFO     - app.classes.web.tornado_handler - Starting Web Server on ports https:8443
2025-03-20 16:52:09,657 - [Crafty] - INFO     - app.classes.shared.migration - Starting migrations
2025-03-20 16:52:09,668 - [Crafty] - INFO     - app.classes.shared.migration - There is nothing to migrate
2025-03-20 16:52:09,684 - [Crafty] - INFO     - app.classes.web.tornado_handler - https://10.0.1.103:8443 is up and ready for connections.
2025-03-20 16:52:09,744 - [Crafty] - INFO     - app.classes.shared.server - Creating Server object: 8431bed5-48c2-468a-bed1-7eb64b1b9468 | Server Name: Friendly SMP | Auto Start: True
2025-03-20 16:52:09,745 - [Crafty] - INFO     - app.classes.shared.server - Getting Stats for Server Friendly SMP ...
2025-03-20 16:52:09,841 - [Crafty] - INFO     - app.classes.shared.server - Scheduling server Friendly SMP to start in 10 seconds
2025-03-20 16:52:12,564 - [Crafty] - INFO     - app.classes.minecraft.bigbucket - Checking Big Bucket status
2025-03-20 16:52:12,947 - [Crafty] - INFO     - app.classes.minecraft.bigbucket - Big bucket is alive and responding as expected
2025-03-20 16:52:12,947 - [Crafty] - INFO     - app.classes.minecraft.bigbucket - Cache file is not old enough to require automatic refresh.
2025-03-20 16:52:14,040 - [Crafty] - INFO     - __main__ - Checking Internet. This may take a minute.
2025-03-20 16:52:16,040 - [Crafty] - INFO     - app.classes.minecraft.bigbucket - Manual bucket cache refresh initiated.
2025-03-20 16:52:16,041 - [Crafty] - INFO     - app.classes.minecraft.bigbucket - Checking Big Bucket status
2025-03-20 16:52:16,043 - [Crafty] - INFO     - __main__ - Execution Mode: Non-interactive (e.g. 'python main.py')
2025-03-20 16:52:16,043 - [Crafty] - INFO     - __main__ - Application path: '/workspaces/FriendlySMP/crafty'
2025-03-20 16:52:16,405 - [Crafty] - INFO     - app.classes.minecraft.bigbucket - Big bucket is alive and responding as expected
2025-03-20 16:52:16,661 - [Crafty] - INFO     - app.classes.minecraft.bigbucket - Cache file successfully refreshed manually.
2025-03-20 16:52:16,661 - [Crafty] - INFO     - app.classes.minecraft.bigbucket - Manual refresh completed.
2025-03-20 16:52:17,100 - [Crafty] - INFO     - __main__ - Removing old temp dirs
2025-03-20 16:52:19,842 - [Crafty] - INFO     - app.classes.shared.server - Starting server ID: 8431bed5-48c2-468a-bed1-7eb64b1b9468 - Friendly SMP
2025-03-20 16:52:20,343 - [Crafty] - INFO     - app.classes.shared.server - Polling server statistics Friendly SMP every 5 seconds
2025-03-20 16:52:20,344 - [Crafty] - INFO     - app.classes.shared.server - Saving server statistics Friendly SMP every 30 seconds
2025-03-20 16:52:20,346 - [Crafty] - INFO     - app.classes.shared.server - Start command detected. Reloading settings from DB for server Friendly SMP
2025-03-20 16:52:20,347 - [Crafty] - INFO     - app.classes.shared.helpers - /workspaces/FriendlySMP/crafty/servers/8431bed5-48c2-468a-bed1-7eb64b1b9468/tempfile.txt is writable
2025-03-20 16:52:20,370 - [Crafty] - INFO     - app.classes.shared.server - Launching Server Friendly SMP with command ['/usr/lib/jvm/java-21-openjdk-amd64/bin/java', '-Xms4G', '-Xmx8G', '-jar', 'paper.jar', 'nogui']
2025-03-20 16:52:20,371 - [Crafty] - INFO     - app.classes.shared.server - Unix Detected
2025-03-20 16:52:20,371 - [Crafty] - INFO     - app.classes.shared.server - Starting server in /workspaces/FriendlySMP/crafty/servers/8431bed5-48c2-468a-bed1-7eb64b1b9468 with command: ['/usr/lib/jvm/java-21-openjdk-amd64/bin/java', '-Xms4G', '-Xmx8G', '-jar', 'paper.jar', 'nogui']
2025-03-20 16:52:20,395 - [Crafty] - INFO     - app.classes.shared.server - Server Friendly SMP running with PID 33621
2025-03-20 16:52:20,415 - [Crafty] - INFO     - app.classes.shared.server - Getting Stats for Server Friendly SMP ...
2025-03-20 16:52:20,990 - [Crafty] - INFO     - app.classes.shared.server - Server Friendly SMP has crash detection enabled - starting watcher task
2025-03-20 16:52:32,287 - [Crafty] - INFO     - app.classes.web.public_handler - User: 1 Logged in from IP: 10.240.1.34
2025-03-20 16:52:32,300 - [Crafty] - INFO     - audit_log - Logged in
2025-03-20 16:52:44,735 - [Crafty] - INFO     - app.classes.minecraft.stats - Unable to read json from ping_obj due to the following error:
Traceback (most recent call last):
  File "/workspaces/FriendlySMP/crafty/app/classes/minecraft/stats.py", line 251, in parse_server_ping
    online_stats = json.loads(ping_obj.players)
                              ^^^^^^^^^^^^^^^^
AttributeError: 'bool' object has no attribute 'players'
2025-03-20 16:52:44,742 - [Crafty] - INFO     - app.classes.minecraft.stats - Unable to read the server icon due to the following error:
Traceback (most recent call last):
  File "/workspaces/FriendlySMP/crafty/app/classes/minecraft/stats.py", line 260, in parse_server_ping
    server_icon = base64.encodebytes(ping_obj.icon)
                                     ^^^^^^^^^^^^^
AttributeError: 'bool' object has no attribute 'icon'
2025-03-20 16:52:45,864 - [Crafty] - INFO     - app.classes.minecraft.stats - Unable to read json from ping_obj due to the following error:
Traceback (most recent call last):
  File "/workspaces/FriendlySMP/crafty/app/classes/minecraft/stats.py", line 251, in parse_server_ping
    online_stats = json.loads(ping_obj.players)
                              ^^^^^^^^^^^^^^^^
AttributeError: 'bool' object has no attribute 'players'
2025-03-20 16:52:45,871 - [Crafty] - INFO     - app.classes.minecraft.stats - Unable to read the server icon due to the following error:
Traceback (most recent call last):
  File "/workspaces/FriendlySMP/crafty/app/classes/minecraft/stats.py", line 260, in parse_server_ping
    server_icon = base64.encodebytes(ping_obj.icon)
                                     ^^^^^^^^^^^^^
AttributeError: 'bool' object has no attribute 'icon'
2025-03-20 16:52:50,351 - [Crafty] - INFO     - app.classes.shared.server - Getting Stats for Server Friendly SMP ...
2025-03-20 16:52:50,994 - [Crafty] - INFO     - app.classes.shared.server - Detecting possible crash for server: Friendly SMP 
2025-03-20 16:52:54,734 - [Crafty] - INFO     - app.classes.minecraft.stats - Unable to read json from ping_obj due to the following error:
Traceback (most recent call last):
  File "/workspaces/FriendlySMP/crafty/app/classes/minecraft/stats.py", line 251, in parse_server_ping
    online_stats = json.loads(ping_obj.players)
                              ^^^^^^^^^^^^^^^^
AttributeError: 'bool' object has no attribute 'players'
2025-03-20 16:52:54,738 - [Crafty] - INFO     - app.classes.minecraft.stats - Unable to read the server icon due to the following error:
Traceback (most recent call last):
  File "/workspaces/FriendlySMP/crafty/app/classes/minecraft/stats.py", line 260, in parse_server_ping
    server_icon = base64.encodebytes(ping_obj.icon)
                                     ^^^^^^^^^^^^^
AttributeError: 'bool' object has no attribute 'icon'
2025-03-20 16:52:55,870 - [Crafty] - INFO     - app.classes.minecraft.stats - Unable to read json from ping_obj due to the following error:
Traceback (most recent call last):
  File "/workspaces/FriendlySMP/crafty/app/classes/minecraft/stats.py", line 251, in parse_server_ping
    online_stats = json.loads(ping_obj.players)
                              ^^^^^^^^^^^^^^^^
AttributeError: 'bool' object has no attribute 'players'
2025-03-20 16:52:55,879 - [Crafty] - INFO     - app.classes.minecraft.stats - Unable to read the server icon due to the following error:
Traceback (most recent call last):
  File "/workspaces/FriendlySMP/crafty/app/classes/minecraft/stats.py", line 260, in parse_server_ping
    server_icon = base64.encodebytes(ping_obj.icon)
                                     ^^^^^^^^^^^^^
AttributeError: 'bool' object has no attribute 'icon'
2025-03-20 16:52:55,877 - [Crafty] - INFO     - app.classes.minecraft.stats - Unable to read json from ping_obj due to the following error:
Traceback (most recent call last):
  File "/workspaces/FriendlySMP/crafty/app/classes/minecraft/stats.py", line 251, in parse_server_ping
    online_stats = json.loads(ping_obj.players)
                              ^^^^^^^^^^^^^^^^
AttributeError: 'bool' object has no attribute 'players'
2025-03-20 16:52:55,888 - [Crafty] - INFO     - app.classes.minecraft.stats - Unable to read the server icon due to the following error:
Traceback (most recent call last):
  File "/workspaces/FriendlySMP/crafty/app/classes/minecraft/stats.py", line 260, in parse_server_ping
    server_icon = base64.encodebytes(ping_obj.icon)
                                     ^^^^^^^^^^^^^
AttributeError: 'bool' object has no attribute 'icon'
2025-03-20 16:53:04,735 - [Crafty] - INFO     - app.classes.minecraft.stats - Unable to read json from ping_obj due to the following error:
Traceback (most recent call last):
  File "/workspaces/FriendlySMP/crafty/app/classes/minecraft/stats.py", line 251, in parse_server_ping
    online_stats = json.loads(ping_obj.players)
                              ^^^^^^^^^^^^^^^^
AttributeError: 'bool' object has no attribute 'players'
2025-03-20 16:53:04,747 - [Crafty] - INFO     - app.classes.minecraft.stats - Unable to read the server icon due to the following error:
Traceback (most recent call last):
  File "/workspaces/FriendlySMP/crafty/app/classes/minecraft/stats.py", line 260, in parse_server_ping
    server_icon = base64.encodebytes(ping_obj.icon)
                                     ^^^^^^^^^^^^^
AttributeError: 'bool' object has no attribute 'icon'
2025-03-20 16:53:05,867 - [Crafty] - INFO     - app.classes.minecraft.stats - Unable to read json from ping_obj due to the following error:
Traceback (most recent call last):
  File "/workspaces/FriendlySMP/crafty/app/classes/minecraft/stats.py", line 251, in parse_server_ping
    online_stats = json.loads(ping_obj.players)
                              ^^^^^^^^^^^^^^^^
AttributeError: 'bool' object has no attribute 'players'
2025-03-20 16:53:05,873 - [Crafty] - INFO     - app.classes.minecraft.stats - Unable to read the server icon due to the following error:
Traceback (most recent call last):
  File "/workspaces/FriendlySMP/crafty/app/classes/minecraft/stats.py", line 260, in parse_server_ping
    server_icon = base64.encodebytes(ping_obj.icon)
                                     ^^^^^^^^^^^^^
AttributeError: 'bool' object has no attribute 'icon'
2025-03-20 16:53:14,735 - [Crafty] - INFO     - app.classes.minecraft.stats - Unable to read json from ping_obj due to the following error:
Traceback (most recent call last):
  File "/workspaces/FriendlySMP/crafty/app/classes/minecraft/stats.py", line 251, in parse_server_ping
    online_stats = json.loads(ping_obj.players)
                              ^^^^^^^^^^^^^^^^
AttributeError: 'bool' object has no attribute 'players'
2025-03-20 16:53:14,739 - [Crafty] - INFO     - app.classes.minecraft.stats - Unable to read the server icon due to the following error:
Traceback (most recent call last):
  File "/workspaces/FriendlySMP/crafty/app/classes/minecraft/stats.py", line 260, in parse_server_ping
    server_icon = base64.encodebytes(ping_obj.icon)
                                     ^^^^^^^^^^^^^
AttributeError: 'bool' object has no attribute 'icon'
2025-03-20 16:53:15,867 - [Crafty] - INFO     - app.classes.minecraft.stats - Unable to read json from ping_obj due to the following error:
Traceback (most recent call last):
  File "/workspaces/FriendlySMP/crafty/app/classes/minecraft/stats.py", line 251, in parse_server_ping
    online_stats = json.loads(ping_obj.players)
                              ^^^^^^^^^^^^^^^^
AttributeError: 'bool' object has no attribute 'players'
2025-03-20 16:53:15,871 - [Crafty] - INFO     - app.classes.minecraft.stats - Unable to read the server icon due to the following error:
Traceback (most recent call last):
  File "/workspaces/FriendlySMP/crafty/app/classes/minecraft/stats.py", line 260, in parse_server_ping
    server_icon = base64.encodebytes(ping_obj.icon)
                                     ^^^^^^^^^^^^^
AttributeError: 'bool' object has no attribute 'icon'
2025-03-20 16:53:20,348 - [Crafty] - INFO     - app.classes.shared.server - Getting Stats for Server Friendly SMP ...
2025-03-20 16:53:20,995 - [Crafty] - INFO     - app.classes.shared.server - Detecting possible crash for server: Friendly SMP 
2025-03-20 16:53:50,347 - [Crafty] - INFO     - app.classes.shared.server - Getting Stats for Server Friendly SMP ...
2025-03-20 16:53:50,995 - [Crafty] - INFO     - app.classes.shared.server - Detecting possible crash for server: Friendly SMP 
2025-03-20 16:54:20,348 - [Crafty] - INFO     - app.classes.shared.server - Getting Stats for Server Friendly SMP ...
2025-03-20 16:54:20,993 - [Crafty] - INFO     - app.classes.shared.server - Detecting possible crash for server: Friendly SMP 
2025-03-20 16:54:50,345 - [Crafty] - INFO     - app.classes.shared.server - Getting Stats for Server Friendly SMP ...
2025-03-20 16:54:50,993 - [Crafty] - INFO     - app.classes.shared.server - Detecting possible crash for server: Friendly SMP 
2025-03-20 16:55:20,345 - [Crafty] - INFO     - app.classes.shared.server - Getting Stats for Server Friendly SMP ...
2025-03-20 16:55:20,993 - [Crafty] - INFO     - app.classes.shared.server - Detecting possible crash for server: Friendly SMP 
2025-03-20 16:55:50,345 - [Crafty] - INFO     - app.classes.shared.server - Getting Stats for Server Friendly SMP ...
2025-03-20 16:55:50,996 - [Crafty] - INFO     - app.classes.shared.server - Detecting possible crash for server: Friendly SMP 
2025-03-20 16:56:20,345 - [Crafty] - INFO     - app.classes.shared.server - Getting Stats for Server Friendly SMP ...
2025-03-20 16:56:20,996 - [Crafty] - INFO     - app.classes.shared.server - Detecting possible crash for server: Friendly SMP 
2025-03-20 16:56:50,352 - [Crafty] - INFO     - app.classes.shared.server - Getting Stats for Server Friendly SMP ...
2025-03-20 16:56:50,993 - [Crafty] - INFO     - app.classes.shared.server - Detecting possible crash for server: Friendly SMP 
2025-03-20 16:57:20,345 - [Crafty] - INFO     - app.classes.shared.server - Getting Stats for Server Friendly SMP ...
2025-03-20 16:57:20,995 - [Crafty] - INFO     - app.classes.shared.server - Detecting possible crash for server: Friendly SMP 
2025-03-20 16:57:50,345 - [Crafty] - INFO     - app.classes.shared.server - Getting Stats for Server Friendly SMP ...
2025-03-20 16:57:50,994 - [Crafty] - INFO     - app.classes.shared.server - Detecting possible crash for server: Friendly SMP 
2025-03-20 16:58:20,345 - [Crafty] - INFO     - app.classes.shared.server - Getting Stats for Server Friendly SMP ...
2025-03-20 16:58:20,993 - [Crafty] - INFO     - app.classes.shared.server - Detecting possible crash for server: Friendly SMP 
2025-03-20 16:58:50,345 - [Crafty] - INFO     - app.classes.shared.server - Getting Stats for Server Friendly SMP ...
2025-03-20 16:58:50,995 - [Crafty] - INFO     - app.classes.shared.server - Detecting possible crash for server: Friendly SMP 
2025-03-20 16:59:20,347 - [Crafty] - INFO     - app.classes.shared.server - Getting Stats for Server Friendly SMP ...
2025-03-20 16:59:20,993 - [Crafty] - INFO     - app.classes.shared.server - Detecting possible crash for server: Friendly SMP 
2025-03-20 16:59:50,346 - [Crafty] - INFO     - app.classes.shared.server - Getting Stats for Server Friendly SMP ...
2025-03-20 16:59:50,997 - [Crafty] - INFO     - app.classes.shared.server - Detecting possible crash for server: Friendly SMP 
2025-03-20 17:00:20,344 - [Crafty] - INFO     - app.classes.shared.server - Getting Stats for Server Friendly SMP ...
2025-03-20 17:00:20,993 - [Crafty] - INFO     - app.classes.shared.server - Detecting possible crash for server: Friendly SMP 
2025-03-20 17:00:50,345 - [Crafty] - INFO     - app.classes.shared.server - Getting Stats for Server Friendly SMP ...
2025-03-20 17:00:50,993 - [Crafty] - INFO     - app.classes.shared.server - Detecting possible crash for server: Friendly SMP 
2025-03-20 17:01:20,345 - [Crafty] - INFO     - app.classes.shared.server - Getting Stats for Server Friendly SMP ...
2025-03-20 17:01:20,993 - [Crafty] - INFO     - app.classes.shared.server - Detecting possible crash for server: Friendly SMP 
2025-03-20 17:01:50,347 - [Crafty] - INFO     - app.classes.shared.server - Getting Stats for Server Friendly SMP ...
2025-03-20 17:01:50,993 - [Crafty] - INFO     - app.classes.shared.server - Detecting possible crash for server: Friendly SMP 
2025-03-20 17:02:20,345 - [Crafty] - INFO     - app.classes.shared.server - Getting Stats for Server Friendly SMP ...
2025-03-20 17:02:20,993 - [Crafty] - INFO     - app.classes.shared.server - Detecting possible crash for server: Friendly SMP 
2025-03-20 17:02:50,348 - [Crafty] - INFO     - app.classes.shared.server - Getting Stats for Server Friendly SMP ...
2025-03-20 17:02:50,993 - [Crafty] - INFO     - app.classes.shared.server - Detecting possible crash for server: Friendly SMP 
2025-03-20 17:03:20,345 - [Crafty] - INFO     - app.classes.shared.server - Getting Stats for Server Friendly SMP ...
2025-03-20 17:03:20,994 - [Crafty] - INFO     - app.classes.shared.server - Detecting possible crash for server: Friendly SMP 
2025-03-20 17:03:50,345 - [Crafty] - INFO     - app.classes.shared.server - Getting Stats for Server Friendly SMP ...
2025-03-20 17:03:50,993 - [Crafty] - INFO     - app.classes.shared.server - Detecting possible crash for server: Friendly SMP 
2025-03-20 17:04:20,345 - [Crafty] - INFO     - app.classes.shared.server - Getting Stats for Server Friendly SMP ...
2025-03-20 17:04:20,994 - [Crafty] - INFO     - app.classes.shared.server - Detecting possible crash for server: Friendly SMP 
2025-03-20 17:04:50,345 - [Crafty] - INFO     - app.classes.shared.server - Getting Stats for Server Friendly SMP ...
2025-03-20 17:04:50,993 - [Crafty] - INFO     - app.classes.shared.server - Detecting possible crash for server: Friendly SMP 
2025-03-20 17:05:20,345 - [Crafty] - INFO     - app.classes.shared.server - Getting Stats for Server Friendly SMP ...
2025-03-20 17:05:20,993 - [Crafty] - INFO     - app.classes.shared.server - Detecting possible crash for server: Friendly SMP 
2025-03-20 17:05:50,346 - [Crafty] - INFO     - app.classes.shared.server - Getting Stats for Server Friendly SMP ...
2025-03-20 17:05:50,993 - [Crafty] - INFO     - app.classes.shared.server - Detecting possible crash for server: Friendly SMP 
2025-03-20 17:06:20,347 - [Crafty] - INFO     - app.classes.shared.server - Getting Stats for Server Friendly SMP ...
2025-03-20 17:06:20,993 - [Crafty] - INFO     - app.classes.shared.server - Detecting possible crash for server: Friendly SMP 
2025-03-20 17:06:50,345 - [Crafty] - INFO     - app.classes.shared.server - Getting Stats for Server Friendly SMP ...
2025-03-20 17:06:50,993 - [Crafty] - INFO     - app.classes.shared.server - Detecting possible crash for server: Friendly SMP 
2025-03-20 17:07:20,345 - [Crafty] - INFO     - app.classes.shared.server - Getting Stats for Server Friendly SMP ...
2025-03-20 17:07:20,993 - [Crafty] - INFO     - app.classes.shared.server - Detecting possible crash for server: Friendly SMP 
2025-03-20 17:07:50,345 - [Crafty] - INFO     - app.classes.shared.server - Getting Stats for Server Friendly SMP ...
2025-03-20 17:07:50,994 - [Crafty] - INFO     - app.classes.shared.server - Detecting possible crash for server: Friendly SMP 
2025-03-20 17:08:20,346 - [Crafty] - INFO     - app.classes.shared.server - Getting Stats for Server Friendly SMP ...
2025-03-20 17:08:20,993 - [Crafty] - INFO     - app.classes.shared.server - Detecting possible crash for server: Friendly SMP 
2025-03-20 17:08:50,345 - [Crafty] - INFO     - app.classes.shared.server - Getting Stats for Server Friendly SMP ...
2025-03-20 17:08:50,993 - [Crafty] - INFO     - app.classes.shared.server - Detecting possible crash for server: Friendly SMP 
2025-03-20 17:09:20,345 - [Crafty] - INFO     - app.classes.shared.server - Getting Stats for Server Friendly SMP ...
2025-03-20 17:09:20,993 - [Crafty] - INFO     - app.classes.shared.server - Detecting possible crash for server: Friendly SMP 
2025-03-20 17:09:50,353 - [Crafty] - INFO     - app.classes.shared.server - Getting Stats for Server Friendly SMP ...
2025-03-20 17:09:50,995 - [Crafty] - INFO     - app.classes.shared.server - Detecting possible crash for server: Friendly SMP 
2025-03-20 17:10:20,345 - [Crafty] - INFO     - app.classes.shared.server - Getting Stats for Server Friendly SMP ...
2025-03-20 17:10:20,993 - [Crafty] - INFO     - app.classes.shared.server - Detecting possible crash for server: Friendly SMP 
2025-03-20 17:10:50,348 - [Crafty] - INFO     - app.classes.shared.server - Getting Stats for Server Friendly SMP ...
2025-03-20 17:10:50,997 - [Crafty] - INFO     - app.classes.shared.server - Detecting possible crash for server: Friendly SMP 
2025-03-20 17:11:20,346 - [Crafty] - INFO     - app.classes.shared.server - Getting Stats for Server Friendly SMP ...
2025-03-20 17:11:20,993 - [Crafty] - INFO     - app.classes.shared.server - Detecting possible crash for server: Friendly SMP 
2025-03-20 17:11:50,346 - [Crafty] - INFO     - app.classes.shared.server - Getting Stats for Server Friendly SMP ...
2025-03-20 17:11:50,993 - [Crafty] - INFO     - app.classes.shared.server - Detecting possible crash for server: Friendly SMP 
2025-03-20 17:12:20,346 - [Crafty] - INFO     - app.classes.shared.server - Getting Stats for Server Friendly SMP ...
2025-03-20 17:12:20,997 - [Crafty] - INFO     - app.classes.shared.server - Detecting possible crash for server: Friendly SMP 
2025-03-20 17:12:50,345 - [Crafty] - INFO     - app.classes.shared.server - Getting Stats for Server Friendly SMP ...
2025-03-20 17:12:50,995 - [Crafty] - INFO     - app.classes.shared.server - Detecting possible crash for server: Friendly SMP 
2025-03-20 17:13:20,345 - [Crafty] - INFO     - app.classes.shared.server - Getting Stats for Server Friendly SMP ...
2025-03-20 17:13:20,993 - [Crafty] - INFO     - app.classes.shared.server - Detecting possible crash for server: Friendly SMP 
2025-03-20 17:13:50,345 - [Crafty] - INFO     - app.classes.shared.server - Getting Stats for Server Friendly SMP ...
2025-03-20 17:13:50,994 - [Crafty] - INFO     - app.classes.shared.server - Detecting possible crash for server: Friendly SMP 
2025-03-20 17:14:20,354 - [Crafty] - INFO     - app.classes.shared.server - Getting Stats for Server Friendly SMP ...
2025-03-20 17:14:20,994 - [Crafty] - INFO     - app.classes.shared.server - Detecting possible crash for server: Friendly SMP 
2025-03-20 17:14:33,876 - [Crafty] - INFO     - audit_log - issued command stop_server for server Friendly SMP with ID: 8431bed5-48c2-468a-bed1-7eb64b1b9468
2025-03-20 17:14:34,014 - [Crafty] - INFO     - app.classes.shared.server - Removing crash watcher for server Friendly SMP
2025-03-20 17:14:34,014 - [Crafty] - INFO     - app.classes.shared.server - Stop command requested for Friendly SMP.
2025-03-20 17:14:34,019 - [Crafty] - INFO     - app.classes.shared.server - Cache file refreshed
2025-03-20 17:14:34,019 - [Crafty] - INFO     - app.classes.shared.server - Server Friendly SMP is still running - waiting 2s to see if it stops(58 seconds until force close)
2025-03-20 17:14:36,020 - [Crafty] - INFO     - app.classes.shared.server - Server Friendly SMP is still running - waiting 2s to see if it stops(56 seconds until force close)
2025-03-20 17:14:38,021 - [Crafty] - INFO     - app.classes.shared.server - Server Friendly SMP is still running - waiting 2s to see if it stops(54 seconds until force close)
2025-03-20 17:14:40,024 - [Crafty] - INFO     - app.classes.shared.server - Server Friendly SMP is still running - waiting 2s to see if it stops(52 seconds until force close)
2025-03-20 17:14:42,024 - [Crafty] - INFO     - app.classes.shared.server - Server Friendly SMP is still running - waiting 2s to see if it stops(50 seconds until force close)
2025-03-20 17:14:44,025 - [Crafty] - INFO     - app.classes.shared.server - Stopped Server Friendly SMP with PID 33621
2025-03-20 17:14:44,027 - [Crafty] - INFO     - app.classes.shared.server - Getting Stats for Server Friendly SMP ...
2025-03-20 17:14:50,345 - [Crafty] - INFO     - app.classes.shared.server - Getting Stats for Server Friendly SMP ...
