#
# There is insufficient memory for the Java Runtime Environment to continue.
# Native memory allocation (mmap) failed to map 17179869184 bytes. Error detail: committing reserved memory.
# Possible reasons:
#   The system is out of physical RAM or swap space
#   This process is running with CompressedOops enabled, and the Java Heap may be blocking the growth of the native heap
# Possible solutions:
#   Reduce memory load on the system
#   Increase physical memory or swap space
#   Check if swap backing store is full
#   Decrease Java heap size (-Xmx/-Xms)
#   Decrease number of Java threads
#   Decrease Java thread stack sizes (-Xss)
#   Set larger code cache with -XX:ReservedCodeCacheSize=
#   JVM is running with Zero Based Compressed Oops mode in which the Java heap is
#     placed in the first 32GB address space. The Java Heap base address is the
#     maximum limit for the native heap growth. Please use -XX:HeapBaseMinAddress
#     to set the Java Heap base and to place the Java Heap above 32GB virtual address.
# This output file may be truncated or incomplete.
#
#  Out of Memory Error (os_linux.cpp:2793), pid=20967, tid=20969
#
# JRE version:  (21.0.5+11) (build )
# Java VM: OpenJDK 64-Bit Server VM (21.0.5+11-LTS, mixed mode, sharing, tiered, compressed oops, compressed class ptrs, g1 gc, linux-amd64)
# Core dump will be written. Default location: Core dumps may be processed with "/usr/share/apport/apport -p%p -s%s -c%c -d%d -P%P -u%u -g%g -- %E" (or dumping to /workspaces/FriendlySMP/crafty/servers/8431bed5-48c2-468a-bed1-7eb64b1b9468/core.20967)
#

---------------  S U M M A R Y ------------

Command Line: -Xms16G -Xmx16G -XX:+UseG1GC -XX:+ParallelRefProcEnabled -XX:MaxGCPauseMillis=25 -XX:+UnlockExperimentalVMOptions -XX:+DisableExplicitGC -XX:+AlwaysPreTouch -XX:G1NewSizePercent=50 -XX:G1MaxNewSizePercent=80 -XX:G1HeapRegionSize=32M -XX:G1ReservePercent=20 -XX:G1HeapWastePercent=1 -XX:G1MixedGCCountTarget=8 -XX:InitiatingHeapOccupancyPercent=10 -XX:G1RSetUpdatingPauseTimePercent=1 -XX:SurvivorRatio=8 -XX:+PerfDisableSharedMem -XX:MaxTenuringThreshold=1 -XX:+UseLargePages paper.jar nogui

Host: AMD EPYC 7763 64-Core Processor, 4 cores, 15G, Ubuntu 20.04.6 LTS
Time: Sat Mar 22 21:28:16 2025 IST elapsed time: 0.007398 seconds (0d 0h 0m 0s)

---------------  T H R E A D  ---------------

Current thread (0x0000712a7c02b520):  JavaThread "Unknown thread" [_thread_in_vm, id=20969, stack(0x0000712a837cc000,0x0000712a838cd000) (1028K)]

Stack: [0x0000712a837cc000,0x0000712a838cd000],  sp=0x0000712a838cb4b0,  free space=1021k
Native frames: (J=compiled Java code, j=interpreted, Vv=VM code, C=native code)
V  [libjvm.so+0x10127d8]  VMError::report_and_die(int, char const*, char const*, __va_list_tag*, Thread*, unsigned char*, void*, void*, char const*, int, unsigned long)+0x2b8  (os_linux.cpp:2793)
V  [libjvm.so+0x10131cd]
V  [libjvm.so+0x6bca3f]
V  [libjvm.so+0xd0b7c4]  os::pd_commit_memory_or_exit(char*, unsigned long, unsigned long, bool, char const*)+0xd4
V  [libjvm.so+0xd04bcd]  os::commit_memory_or_exit(char*, unsigned long, unsigned long, bool, char const*)+0x1d
V  [libjvm.so+0x8193eb]  G1PageBasedVirtualSpace::commit(unsigned long, unsigned long)+0xfb
V  [libjvm.so+0x82f65f]  G1RegionsLargerThanCommitSizeMapper::commit_regions(unsigned int, unsigned long, WorkerThreads*)+0x9f
V  [libjvm.so+0x8bf725]  HeapRegionManager::commit_regions(unsigned int, unsigned long, WorkerThreads*)+0x55
V  [libjvm.so+0x8c1392]  HeapRegionManager::expand(unsigned int, unsigned int, WorkerThreads*)+0x32
V  [libjvm.so+0x8c15be]  HeapRegionManager::expand_by(unsigned int, WorkerThreads*)+0x7e
V  [libjvm.so+0x7d375f]  G1CollectedHeap::expand(unsigned long, WorkerThreads*, double*)+0xff
V  [libjvm.so+0x7d3d74]  G1CollectedHeap::initialize()+0x5c4
V  [libjvm.so+0xfb40d6]  universe_init()+0xd6
V  [libjvm.so+0x8dff37]  init_globals()+0x37
V  [libjvm.so+0xf92c85]  Threads::create_vm(JavaVMInitArgs*, bool*)+0x2b5
V  [libjvm.so+0x9bc52f]  JNI_CreateJavaVM+0x4f
C  [libjli.so+0x42cb]  JavaMain+0x8b
C  [libjli.so+0x7e49]  ThreadJavaMain+0x9

---------------  P R O C E S S  ---------------

Threads class SMR info:
_java_thread_list=0x0000712a84f9ef40, length=0, elements={
}

Java Threads: ( => current thread )
Total: 0

Other Threads:
  0x0000712a7c06cdf0 WorkerThread "GC Thread#0"                     [id=20970, stack(0x0000712a83010000,0x0000712a83110000) (1024K)]
  0x0000712a7c0723e0 ConcurrentGCThread "G1 Main Marker"            [id=20971, stack(0x0000712a80f00000,0x0000712a81000000) (1024K)]
  0x0000712a7c073380 WorkerThread "G1 Conc#0"                       [id=20972, stack(0x0000712a80dff000,0x0000712a80eff000) (1024K)]

[error occurred during error reporting (printing all threads), id 0xb, SIGSEGV (0xb) at pc=0x0000712a84212680]
VM state: not at safepoint (not fully initialized)

VM Mutex/Monitor currently owned by a thread:  ([mutex/lock_event])
[0x0000712a84f78dd8] Heap_lock - owner thread: 0x0000712a7c02b520

Heap address: 0x0000000400000000, size: 16384 MB, Compressed Oops mode: Zero based, Oop shift amount: 3

CDS archive(s) mapped at: [0x0000000000000000-0x0000000000000000-0x0000000000000000), size 0, SharedBaseAddress: 0x0000000800000000, ArchiveRelocationMode: 1.
Narrow klass base: 0x0000000000000000, Narrow klass shift: 0, Narrow klass range: 0x0

GC Precious Log:
 CardTable entry size: 512
 Card Set container configuration: InlinePtr #cards 3 size 8 Array Of Cards #cards 256 size 528 Howl #buckets 8 coarsen threshold 58982 Howl Bitmap #cards 8192 size 1040 coarsen threshold 7372 Card regions per heap region 1 cards per card region 65536

Heap:
 garbage-first heap   total 0K, used 0K [0x0000000400000000, 0x0000000800000000)
  region size 32768K, 0 young (0K), 0 survivors (0K)

[error occurred during error reporting (printing heap information), id 0xb, SIGSEGV (0xb) at pc=0x0000712a847dd49a]
GC Heap History (0 events):
No events

Dll operation events (1 events):
Event: 0.002 Loaded shared library /usr/local/sdkman/candidates/java/21.0.5-ms/lib/libjava.so

Deoptimization events (0 events):
No events

Classes loaded (0 events):
No events

Classes unloaded (0 events):
No events

Classes redefined (0 events):
No events

Internal exceptions (0 events):
No events

ZGC Phase Switch (0 events):
No events

VM Operations (0 events):
No events

Memory protections (1 events):
Event: 0.001 Protecting memory [0x0000712a837cc000,0x0000712a837d0000] with protection modes 0

Nmethod flushes (0 events):
No events

Events (0 events):
No events


Dynamic libraries:
5df6302f0000-5df6302f1000 r-xp 00000000 00:2c 548542                     /usr/local/sdkman/candidates/java/21.0.5-ms/bin/java
5df6302f2000-5df6302f3000 r--p 00001000 00:2c 548542                     /usr/local/sdkman/candidates/java/21.0.5-ms/bin/java
5df6302f3000-5df6302f4000 rw-p 00002000 00:2c 548542                     /usr/local/sdkman/candidates/java/21.0.5-ms/bin/java
5df644ef1000-5df644f37000 rw-p 00000000 00:00 0                          [heap]
712a40000000-712a40021000 rw-p 00000000 00:00 0 
712a40021000-712a44000000 ---p 00000000 00:00 0 
712a44000000-712a44021000 rw-p 00000000 00:00 0 
712a44021000-712a48000000 ---p 00000000 00:00 0 
712a4c000000-712a4c021000 rw-p 00000000 00:00 0 
712a4c021000-712a50000000 ---p 00000000 00:00 0 
712a50800000-712a52800000 rw-p 00000000 00:00 0 
712a52800000-712a64800000 ---p 00000000 00:00 0 
712a64800000-712a64a70000 rwxp 00000000 00:00 0 
712a64a70000-712a6bd37000 ---p 00000000 00:00 0 
712a6bd37000-712a6bfa7000 rwxp 00000000 00:00 0 
712a6bfa7000-712a6c2c8000 ---p 00000000 00:00 0 
712a6c2c8000-712a6c538000 rwxp 00000000 00:00 0 
712a6c538000-712a73800000 ---p 00000000 00:00 0 
712a7389d000-712a7c000000 r--s 00000000 00:2c 549029                     /usr/local/sdkman/candidates/java/21.0.5-ms/lib/modules
712a7c000000-712a7c091000 rw-p 00000000 00:00 0 
712a7c091000-712a80000000 ---p 00000000 00:00 0 
712a80400000-712a806e1000 rw-p 00000000 00:00 0 
712a80878000-712a80dfe000 rw-p 00000000 00:00 0 
712a80dfe000-712a80dff000 ---p 00000000 00:00 0 
712a80dff000-712a80eff000 rw-p 00000000 00:00 0 
712a80eff000-712a80f00000 ---p 00000000 00:00 0 
712a80f00000-712a81000000 rw-p 00000000 00:00 0 
712a81000000-712a83000000 ---p 00000000 00:00 0 
712a8300f000-712a83010000 ---p 00000000 00:00 0 
712a83010000-712a83110000 rw-p 00000000 00:00 0 
712a83110000-712a835ac000 rw-p 00000000 00:00 0 
712a835ac000-712a83692000 ---p 00000000 00:00 0 
712a83692000-712a83697000 rw-p 00000000 00:00 0 
712a83697000-712a8377d000 ---p 00000000 00:00 0 
712a8377d000-712a83782000 rw-p 00000000 00:00 0 
712a83782000-712a83789000 ---p 00000000 00:00 0 
712a83789000-712a837a9000 r-xp 00000000 00:2c 549004                     /usr/local/sdkman/candidates/java/21.0.5-ms/lib/libjava.so
712a837a9000-712a837aa000 ---p 00020000 00:2c 549004                     /usr/local/sdkman/candidates/java/21.0.5-ms/lib/libjava.so
712a837aa000-712a837ab000 r--p 00020000 00:2c 549004                     /usr/local/sdkman/candidates/java/21.0.5-ms/lib/libjava.so
712a837ab000-712a837ac000 rw-p 00021000 00:2c 549004                     /usr/local/sdkman/candidates/java/21.0.5-ms/lib/libjava.so
712a837ac000-712a837ad000 rw-p 00000000 00:00 0 
712a837ad000-712a837c8000 r-xp 00000000 00:2c 549008                     /usr/local/sdkman/candidates/java/21.0.5-ms/lib/libjimage.so
712a837c8000-712a837c9000 ---p 0001b000 00:2c 549008                     /usr/local/sdkman/candidates/java/21.0.5-ms/lib/libjimage.so
712a837c9000-712a837cb000 r--p 0001b000 00:2c 549008                     /usr/local/sdkman/candidates/java/21.0.5-ms/lib/libjimage.so
712a837cb000-712a837cc000 rw-p 0001d000 00:2c 549008                     /usr/local/sdkman/candidates/java/21.0.5-ms/lib/libjimage.so
712a837cc000-712a837d0000 ---p 00000000 00:00 0 
712a837d0000-712a838cd000 rw-p 00000000 00:00 0 
712a838cd000-712a838da000 r--p 00000000 00:2c 132051                     /usr/lib/x86_64-linux-gnu/libm-2.31.so
712a838da000-712a83981000 r-xp 0000d000 00:2c 132051                     /usr/lib/x86_64-linux-gnu/libm-2.31.so
712a83981000-712a83a1a000 r--p 000b4000 00:2c 132051                     /usr/lib/x86_64-linux-gnu/libm-2.31.so
712a83a1a000-712a83a1b000 r--p 0014c000 00:2c 132051                     /usr/lib/x86_64-linux-gnu/libm-2.31.so
712a83a1b000-712a83a1c000 rw-p 0014d000 00:2c 132051                     /usr/lib/x86_64-linux-gnu/libm-2.31.so
712a83a1c000-712a83a1e000 r--p 00000000 00:2c 132107                     /usr/lib/x86_64-linux-gnu/librt-2.31.so
712a83a1e000-712a83a22000 r-xp 00002000 00:2c 132107                     /usr/lib/x86_64-linux-gnu/librt-2.31.so
712a83a22000-712a83a24000 r--p 00006000 00:2c 132107                     /usr/lib/x86_64-linux-gnu/librt-2.31.so
712a83a24000-712a83a25000 r--p 00007000 00:2c 132107                     /usr/lib/x86_64-linux-gnu/librt-2.31.so
712a83a25000-712a83a26000 rw-p 00008000 00:2c 132107                     /usr/lib/x86_64-linux-gnu/librt-2.31.so
712a83a26000-712a84e42000 r-xp 00000000 00:2c 549041                     /usr/local/sdkman/candidates/java/21.0.5-ms/lib/server/libjvm.so
712a84e42000-712a84e43000 ---p 0141c000 00:2c 549041                     /usr/local/sdkman/candidates/java/21.0.5-ms/lib/server/libjvm.so
712a84e43000-712a84f17000 r--p 0141c000 00:2c 549041                     /usr/local/sdkman/candidates/java/21.0.5-ms/lib/server/libjvm.so
712a84f17000-712a84f47000 rw-p 014f0000 00:2c 549041                     /usr/local/sdkman/candidates/java/21.0.5-ms/lib/server/libjvm.so
712a84f47000-712a84faf000 rw-p 00000000 00:00 0 
712a84faf000-712a84fd1000 r--p 00000000 00:2c 132009                     /usr/lib/x86_64-linux-gnu/libc-2.31.so
712a84fd1000-712a85149000 r-xp 00022000 00:2c 132009                     /usr/lib/x86_64-linux-gnu/libc-2.31.so
712a85149000-712a85197000 r--p 0019a000 00:2c 132009                     /usr/lib/x86_64-linux-gnu/libc-2.31.so
712a85197000-712a8519b000 r--p 001e7000 00:2c 132009                     /usr/lib/x86_64-linux-gnu/libc-2.31.so
712a8519b000-712a8519d000 rw-p 001eb000 00:2c 132009                     /usr/lib/x86_64-linux-gnu/libc-2.31.so
712a8519d000-712a851a1000 rw-p 00000000 00:00 0 
712a851a1000-712a851a2000 r--p 00000000 00:2c 132020                     /usr/lib/x86_64-linux-gnu/libdl-2.31.so
712a851a2000-712a851a4000 r-xp 00001000 00:2c 132020                     /usr/lib/x86_64-linux-gnu/libdl-2.31.so
712a851a4000-712a851a5000 r--p 00003000 00:2c 132020                     /usr/lib/x86_64-linux-gnu/libdl-2.31.so
712a851a5000-712a851a6000 r--p 00003000 00:2c 132020                     /usr/lib/x86_64-linux-gnu/libdl-2.31.so
712a851a6000-712a851a7000 rw-p 00004000 00:2c 132020                     /usr/lib/x86_64-linux-gnu/libdl-2.31.so
712a851a7000-712a851ad000 r--p 00000000 00:2c 132103                     /usr/lib/x86_64-linux-gnu/libpthread-2.31.so
712a851ad000-712a851be000 r-xp 00006000 00:2c 132103                     /usr/lib/x86_64-linux-gnu/libpthread-2.31.so
712a851be000-712a851c4000 r--p 00017000 00:2c 132103                     /usr/lib/x86_64-linux-gnu/libpthread-2.31.so
712a851c4000-712a851c5000 r--p 0001c000 00:2c 132103                     /usr/lib/x86_64-linux-gnu/libpthread-2.31.so
712a851c5000-712a851c6000 rw-p 0001d000 00:2c 132103                     /usr/lib/x86_64-linux-gnu/libpthread-2.31.so
712a851c6000-712a851ca000 rw-p 00000000 00:00 0 
712a851ca000-712a851d8000 r-xp 00000000 00:2c 549009                     /usr/local/sdkman/candidates/java/21.0.5-ms/lib/libjli.so
712a851d8000-712a851d9000 ---p 0000e000 00:2c 549009                     /usr/local/sdkman/candidates/java/21.0.5-ms/lib/libjli.so
712a851d9000-712a851da000 r--p 0000e000 00:2c 549009                     /usr/local/sdkman/candidates/java/21.0.5-ms/lib/libjli.so
712a851da000-712a851db000 rw-p 0000f000 00:2c 549009                     /usr/local/sdkman/candidates/java/21.0.5-ms/lib/libjli.so
712a851db000-712a851dd000 r--p 00000000 00:2c 132139                     /usr/lib/x86_64-linux-gnu/libz.so.1.2.11
712a851dd000-712a851ee000 r-xp 00002000 00:2c 132139                     /usr/lib/x86_64-linux-gnu/libz.so.1.2.11
712a851ee000-712a851f4000 r--p 00013000 00:2c 132139                     /usr/lib/x86_64-linux-gnu/libz.so.1.2.11
712a851f4000-712a851f5000 ---p 00019000 00:2c 132139                     /usr/lib/x86_64-linux-gnu/libz.so.1.2.11
712a851f5000-712a851f6000 r--p 00019000 00:2c 132139                     /usr/lib/x86_64-linux-gnu/libz.so.1.2.11
712a851f6000-712a851f7000 rw-p 0001a000 00:2c 132139                     /usr/lib/x86_64-linux-gnu/libz.so.1.2.11
712a851f8000-712a85200000 rw-p 00000000 00:00 0 
712a85200000-712a85201000 ---p 00000000 00:00 0 
712a85201000-712a85202000 r--p 00000000 00:00 0 
712a85202000-712a85204000 rw-p 00000000 00:00 0 
712a85204000-712a85205000 r--p 00000000 00:2c 131987                     /usr/lib/x86_64-linux-gnu/ld-2.31.so
712a85205000-712a85228000 r-xp 00001000 00:2c 131987                     /usr/lib/x86_64-linux-gnu/ld-2.31.so
712a85228000-712a85230000 r--p 00024000 00:2c 131987                     /usr/lib/x86_64-linux-gnu/ld-2.31.so
712a85230000-712a85231000 ---p 00000000 00:00 0 
712a85231000-712a85232000 r--p 0002c000 00:2c 131987                     /usr/lib/x86_64-linux-gnu/ld-2.31.so
712a85232000-712a85233000 rw-p 0002d000 00:2c 131987                     /usr/lib/x86_64-linux-gnu/ld-2.31.so
712a85233000-712a85234000 rw-p 00000000 00:00 0 
7ffda16d3000-7ffda16f5000 rw-p 00000000 00:00 0                          [stack]
7ffda17a1000-7ffda17a5000 r--p 00000000 00:00 0                          [vvar]
7ffda17a5000-7ffda17a7000 r-xp 00000000 00:00 0                          [vdso]
ffffffffff600000-ffffffffff601000 --xp 00000000 00:00 0                  [vsyscall]
Total number of mappings: 104


VM Arguments:
jvm_args: -Xms16G -Xmx16G -XX:+UseG1GC -XX:+ParallelRefProcEnabled -XX:MaxGCPauseMillis=25 -XX:+UnlockExperimentalVMOptions -XX:+DisableExplicitGC -XX:+AlwaysPreTouch -XX:G1NewSizePercent=50 -XX:G1MaxNewSizePercent=80 -XX:G1HeapRegionSize=32M -XX:G1ReservePercent=20 -XX:G1HeapWastePercent=1 -XX:G1MixedGCCountTarget=8 -XX:InitiatingHeapOccupancyPercent=10 -XX:G1RSetUpdatingPauseTimePercent=1 -XX:SurvivorRatio=8 -XX:+PerfDisableSharedMem -XX:MaxTenuringThreshold=1 -XX:+UseLargePages 
java_command: paper.jar nogui
java_class_path (initial): paper.jar
Launcher Type: SUN_STANDARD

[Global flags]
     bool AlwaysPreTouch                           = true                                      {product} {command line}
     bool AlwaysTenure                             = false                                     {product} {command line}
     intx CICompilerCount                          = 3                                         {product} {ergonomic}
     uint ConcGCThreads                            = 1                                         {product} {ergonomic}
     bool DisableExplicitGC                        = true                                      {product} {command line}
     uint G1ConcRefinementThreads                  = 4                                         {product} {ergonomic}
     uint G1EagerReclaimRemSetThreshold            = 256                                  {experimental} {ergonomic}
   size_t G1HeapRegionSize                         = 33554432                                  {product} {command line}
    uintx G1HeapWastePercent                       = 1                                         {product} {command line}
    uintx G1MaxNewSizePercent                      = 80                                   {experimental} {command line}
    uintx G1MixedGCCountTarget                     = 8                                         {product} {command line}
    uintx G1NewSizePercent                         = 50                                   {experimental} {command line}
     intx G1RSetUpdatingPauseTimePercent           = 1                                         {product} {command line}
     uint G1RemSetArrayOfCardsEntries              = 256                                  {experimental} {ergonomic}
     uint G1RemSetHowlMaxNumBuckets                = 8                                    {experimental} {ergonomic}
     uint G1RemSetHowlNumBuckets                   = 8                                    {experimental} {ergonomic}
    uintx G1ReservePercent                         = 20                                        {product} {command line}
    uintx GCDrainStackTargetSize                   = 64                                        {product} {ergonomic}
   size_t InitialHeapSize                          = 17179869184                               {product} {command line}
    uintx InitialTenuringThreshold                 = 1                                         {product} {ergonomic}
    uintx InitiatingHeapOccupancyPercent           = 10                                        {product} {command line}
   size_t MarkStackSize                            = 4194304                                   {product} {ergonomic}
    uintx MaxGCPauseMillis                         = 25                                        {product} {command line}
   size_t MaxHeapSize                              = 17179869184                               {product} {command line}
    uintx MaxTenuringThreshold                     = 1                                         {product} {command line}
   size_t MinHeapDeltaBytes                        = 33554432                                  {product} {ergonomic}
   size_t MinHeapSize                              = 17179869184                               {product} {command line}
     bool NeverTenure                              = false                                     {product} {command line}
    uintx NonNMethodCodeHeapSize                   = 5832780                                {pd product} {ergonomic}
    uintx NonProfiledCodeHeapSize                  = 122912730                              {pd product} {ergonomic}
     bool ParallelRefProcEnabled                   = true                                      {product} {command line}
     bool PerfDisableSharedMem                     = true                                      {product} {command line}
    uintx ProfiledCodeHeapSize                     = 122912730                              {pd product} {ergonomic}
    uintx ReservedCodeCacheSize                    = 251658240                              {pd product} {ergonomic}
     bool SegmentedCodeCache                       = true                                      {product} {ergonomic}
   size_t SoftMaxHeapSize                          = 17179869184                            {manageable} {ergonomic}
    uintx SurvivorRatio                            = 8                                         {product} {command line}
     bool UnlockExperimentalVMOptions              = true                                 {experimental} {command line}
     bool UseCompressedOops                        = true                           {product lp64_product} {ergonomic}
     bool UseG1GC                                  = true                                      {product} {command line}
     bool UseLargePages                            = false                                  {pd product} {command line}

Logging:
Log output configuration:
 #0: stdout all=warning uptime,level,tags foldmultilines=false
 #1: stderr all=off uptime,level,tags foldmultilines=false

Environment Variables:
JAVA_HOME=/usr/local/sdkman/candidates/java/current
PATH=/workspaces/FriendlySMP/crafty/.venv/bin:/usr/local/rvm/gems/ruby-3.3.4/bin:/usr/local/rvm/gems/ruby-3.3.4@global/bin:/usr/local/rvm/rubies/ruby-3.3.4/bin:/vscode/bin/linux-x64/ddc367ed5c8936efe395cffeec279b04ffd7db78/bin/remote-cli:/home/codespace/.local/bin:/home/codespace/.dotnet:/home/codespace/nvm/current/bin:/home/codespace/.php/current/bin:/home/codespace/.python/current/bin:/home/codespace/java/current/bin:/home/codespace/.ruby/current/bin:/home/codespace/.local/bin:/usr/local/python/current/bin:/usr/local/py-utils/bin:/usr/local/oryx:/usr/local/go/bin:/go/bin:/usr/local/sdkman/bin:/usr/local/sdkman/candidates/java/current/bin:/usr/local/sdkman/candidates/gradle/current/bin:/usr/local/sdkman/candidates/maven/current/bin:/usr/local/sdkman/candidates/ant/current/bin:/usr/local/rvm/gems/default/bin:/usr/local/rvm/gems/default@global/bin:/usr/local/rvm/rubies/default/bin:/usr/local/share/rbenv/bin:/usr/local/php/current/bin:/opt/conda/bin:/usr/local/nvs:/usr/local/share/nvm/versions/node/v20.18.1/bin:/usr/local/hugo/bin:/usr/local/sbin:/usr/local/bin:/usr/sbin:/usr/bin:/sbin:/bin:/usr/share/dotnet:/home/codespace/.dotnet/tools:/usr/local/rvm/bin
SHELL=/bin/bash
LANG=C.UTF-8
TERM=xterm-256color
TZ=Asia/Kolkata

Active Locale:
LC_ALL=C
LC_COLLATE=C
LC_CTYPE=C
LC_MESSAGES=C
LC_MONETARY=C
LC_NUMERIC=C
LC_TIME=C

Signal Handlers:
   SIGSEGV: crash_handler in libjvm.so, mask=11100100010111111101111111111110, flags=SA_RESTART|SA_SIGINFO, unblocked
    SIGBUS: crash_handler in libjvm.so, mask=11100100010111111101111111111110, flags=SA_RESTART|SA_SIGINFO, unblocked
    SIGFPE: crash_handler in libjvm.so, mask=11100100010111111101111111111110, flags=SA_RESTART|SA_SIGINFO, unblocked
   SIGPIPE: javaSignalHandler in libjvm.so, mask=11100100010111111101111111111110, flags=SA_RESTART|SA_SIGINFO, blocked
   SIGXFSZ: javaSignalHandler in libjvm.so, mask=11100100010111111101111111111110, flags=SA_RESTART|SA_SIGINFO, blocked
    SIGILL: crash_handler in libjvm.so, mask=11100100010111111101111111111110, flags=SA_RESTART|SA_SIGINFO, unblocked
   SIGUSR2: SR_handler in libjvm.so, mask=00000000000000000000000000000000, flags=SA_RESTART|SA_SIGINFO, blocked
    SIGHUP: SIG_DFL, mask=00000000000000000000000000000000, flags=none, blocked
    SIGINT: SIG_DFL, mask=00000000000000000000000000000000, flags=none, blocked
   SIGTERM: SIG_DFL, mask=00000000000000000000000000000000, flags=none, blocked
   SIGQUIT: UserHandler in libjvm.so, mask=11100100010111111101111111111110, flags=SA_RESTART|SA_SIGINFO, blocked
   SIGTRAP: crash_handler in libjvm.so, mask=11100100010111111101111111111110, flags=SA_RESTART|SA_SIGINFO, unblocked


Periodic native trim disabled

---------------  S Y S T E M  ---------------

OS:
DISTRIB_ID=Ubuntu
DISTRIB_RELEASE=20.04
DISTRIB_CODENAME=focal
DISTRIB_DESCRIPTION="Ubuntu 20.04.6 LTS"
uname: Linux 6.8.0-1021-azure #25~22.04.1-Ubuntu SMP Thu Jan 16 21:37:09 UTC 2025 x86_64
OS uptime: 0 days 0:40 hours
libc: glibc 2.31 NPTL 2.31 
rlimit (soft/hard): STACK 8192k/infinity , CORE infinity/infinity , NPROC infinity/infinity , NOFILE 1048576/1048576 , AS infinity/infinity , CPU infinity/infinity , DATA infinity/infinity , FSIZE infinity/infinity , MEMLOCK 8192k/8192k
load average: 0.71 2.64 2.92

/proc/meminfo:
MemTotal:       16373792 kB
MemFree:         7230672 kB
MemAvailable:   14253012 kB
Buffers:          149680 kB
Cached:          6905956 kB
SwapCached:            0 kB
Active:          2151052 kB
Inactive:        6322764 kB
Active(anon):     657476 kB
Inactive(anon):   832536 kB
Active(file):    1493576 kB
Inactive(file):  5490228 kB
Unevictable:       27860 kB
Mlocked:           27860 kB
SwapTotal:             0 kB
SwapFree:              0 kB
Zswap:                 0 kB
Zswapped:              0 kB
Dirty:              8996 kB
Writeback:            36 kB
AnonPages:       1395156 kB
Mapped:           543344 kB
Shmem:             62792 kB
KReclaimable:     384448 kB
Slab:             502128 kB
SReclaimable:     384448 kB
SUnreclaim:       117680 kB
KernelStack:        8468 kB
PageTables:        21856 kB
SecPageTables:         0 kB
NFS_Unstable:          0 kB
Bounce:                0 kB
WritebackTmp:          0 kB
CommitLimit:     8186896 kB
Committed_AS:    3549708 kB
VmallocTotal:   34359738367 kB
VmallocUsed:       41016 kB
VmallocChunk:          0 kB
Percpu:             2288 kB
HardwareCorrupted:     0 kB
AnonHugePages:    651264 kB
ShmemHugePages:        0 kB
ShmemPmdMapped:        0 kB
FileHugePages:         0 kB
FilePmdMapped:         0 kB
Unaccepted:            0 kB
HugePages_Total:       0
HugePages_Free:        0
HugePages_Rsvd:        0
HugePages_Surp:        0
Hugepagesize:       2048 kB
Hugetlb:               0 kB
DirectMap4k:      145344 kB
DirectMap2M:     7194624 kB
DirectMap1G:    11534336 kB

/sys/kernel/mm/transparent_hugepage/enabled: [always] madvise never
/sys/kernel/mm/transparent_hugepage/hpage_pmd_size: 2097152
/sys/kernel/mm/transparent_hugepage/defrag (defrag/compaction efforts parameter): always defer defer+madvise [madvise] never

Process Memory:
Virtual Size: 1053060K (peak: 17825784K)
Resident Set Size: 27372K (peak: 27372K) (anon: 14572K, file: 12800K, shmem: 0K)
Swapped out: 0K
C-Heap outstanding allocations: 13905K, retained: 602K
glibc malloc tunables: (default)

/proc/sys/kernel/threads-max (system-wide limit on the number of threads): 127876
/proc/sys/vm/max_map_count (maximum number of memory map areas a process may have): 65530
/proc/sys/vm/swappiness (control to define how aggressively the kernel swaps out anonymous memory): 60
/proc/sys/kernel/pid_max (system-wide limit on number of process identifiers): 4194304

container (cgroup) information:
container_type: cgroupv2
cpu_cpuset_cpus: not supported
cpu_memory_nodes: not supported
active_processor_count: 4
cpu_quota: no quota
cpu_period: 100000
cpu_shares: no shares
memory_limit_in_bytes: unlimited
memory_and_swap_limit_in_bytes: unlimited
memory_soft_limit_in_bytes: unlimited
memory_usage_in_bytes: 3685420 k
memory_max_usage_in_bytes: not supported
memory_swap_current_in_bytes: unlimited
memory_swap_max_limit_in_bytes: unlimited
maximum number of tasks: unlimited
current number of tasks: 130

Hyper-V virtualization detected
Steal ticks since vm start: 0
Steal ticks percentage since vm start:  0.000

CPU: total 4 (initial active 4) (16 cores per cpu, 2 threads per core) family 25 model 1 stepping 1 microcode 0xffffffff, cx8, cmov, fxsr, ht, mmx, 3dnowpref, sse, sse2, sse3, ssse3, sse4a, sse4.1, sse4.2, popcnt, lzcnt, tsc, tscinvbit, avx, avx2, aes, erms, clmul, bmi1, bmi2, adx, sha, fma, vzeroupper, clflush, clflushopt, hv, rdtscp, rdpid, fsrm, f16c, cet_ss
CPU Model and flags from /proc/cpuinfo:
model name	: AMD EPYC 7763 64-Core Processor
flags		: fpu vme de pse tsc msr pae mce cx8 apic sep mtrr pge mca cmov pat pse36 clflush mmx fxsr sse sse2 ht syscall nx mmxext fxsr_opt pdpe1gb rdtscp lm constant_tsc rep_good nopl tsc_reliable nonstop_tsc cpuid extd_apicid aperfmperf pni pclmulqdq ssse3 fma cx16 pcid sse4_1 sse4_2 movbe popcnt aes xsave avx f16c rdrand hypervisor lahf_lm cmp_legacy svm cr8_legacy abm sse4a misalignsse 3dnowprefetch osvw topoext vmmcall fsgsbase bmi1 avx2 smep bmi2 erms invpcid rdseed adx smap clflushopt clwb sha_ni xsaveopt xsavec xgetbv1 xsaves user_shstk clzero xsaveerptr rdpru arat npt nrip_save tsc_scale vmcb_clean flushbyasid decodeassists pausefilter pfthreshold v_vmsave_vmload umip vaes vpclmulqdq rdpid fsrm

Online cpus: 0-3
Offline cpus: 
BIOS frequency limitation: <Not Available>
Frequency switch latency (ns): <Not Available>
Available cpu frequencies: <Not Available>
Current governor: <Not Available>
Core performance/turbo boost: <Not Available>

Memory: 4k page, physical 16373792k(14253012k free), swap 0k(0k free)
Page Sizes: 4k, 2M

vm_info: OpenJDK 64-Bit Server VM (21.0.5+11-LTS) for linux-amd64 JRE (21.0.5+11-LTS), built on 2024-10-11T23:31:17Z by "MicrosoftCorporation" with gcc 11.3.0

END.
