#
# There is insufficient memory for the Java Runtime Environment to continue.
# Native memory allocation (mmap) failed to map 8589934592 bytes. Error detail: committing reserved memory.
# Possible reasons:
#   The system is out of physical RAM or swap space
#   This process is running with CompressedOops enabled, and the Java Heap may be blocking the growth of the native heap
# Possible solutions:
#   Reduce memory load on the system
#   Increase physical memory or swap space
#   Check if swap backing store is full
#   Decrease Java heap size (-Xmx/-Xms)
#   Decrease number of Java threads
#   Decrease Java thread stack sizes (-Xss)
#   Set larger code cache with -XX:ReservedCodeCacheSize=
#   JVM is running with Zero Based Compressed Oops mode in which the Java heap is
#     placed in the first 32GB address space. The Java Heap base address is the
#     maximum limit for the native heap growth. Please use -XX:HeapBaseMinAddress
#     to set the Java Heap base and to place the Java Heap above 32GB virtual address.
# This output file may be truncated or incomplete.
#
#  Out of Memory Error (os_linux.cpp:2793), pid=40564, tid=40566
#
# JRE version:  (21.0.6+7) (build )
# Java VM: OpenJDK 64-Bit Server VM (21.0.6+7-Ubuntu-120.04.1, mixed mode, sharing, tiered, compressed oops, compressed class ptrs, g1 gc, linux-amd64)
# Core dump will be written. Default location: Core dumps may be processed with "/usr/share/apport/apport -p%p -s%s -c%c -d%d -P%P -u%u -g%g -- %E" (or dumping to /workspaces/FriendlySMP/crafty/servers/8431bed5-48c2-468a-bed1-7eb64b1b9468/core.40564)
#

---------------  S U M M A R Y ------------

Command Line: -Xms8G -Xmx16G paper.jar nogui

Host: AMD EPYC 7763 64-Core Processor, 2 cores, 7G, Ubuntu 20.04.6 LTS
Time: Sat Mar 22 20:48:49 2025 IST elapsed time: 0.005558 seconds (0d 0h 0m 0s)

---------------  T H R E A D  ---------------

Current thread (0x00007c3c0c018a50):  JavaThread "Unknown thread" [_thread_in_vm, id=40566, stack(0x00007c3c128b1000,0x00007c3c129b2000) (1028K)]

Stack: [0x00007c3c128b1000,0x00007c3c129b2000],  sp=0x00007c3c129b0530,  free space=1021k
Native frames: (J=compiled Java code, j=interpreted, Vv=VM code, C=native code)
V  [libjvm.so+0x1014af5]  VMError::report_and_die(int, char const*, char const*, __va_list_tag*, Thread*, unsigned char*, void*, void*, char const*, int, unsigned long)+0x285  (os_linux.cpp:2793)
V  [libjvm.so+0x1015491]
V  [libjvm.so+0x6b9563]
V  [libjvm.so+0xcfa52e]  os::pd_commit_memory_or_exit(char*, unsigned long, unsigned long, bool, char const*)+0xde
V  [libjvm.so+0xcf3ae1]  os::commit_memory_or_exit(char*, unsigned long, unsigned long, bool, char const*)+0x21
V  [libjvm.so+0x813c4b]  G1PageBasedVirtualSpace::commit(unsigned long, unsigned long)+0xfb
V  [libjvm.so+0x829f83]  G1RegionsLargerThanCommitSizeMapper::commit_regions(unsigned int, unsigned long, WorkerThreads*)+0xa3
V  [libjvm.so+0x8b8519]  HeapRegionManager::commit_regions(unsigned int, unsigned long, WorkerThreads*)+0x59
V  [libjvm.so+0x8ba196]  HeapRegionManager::expand(unsigned int, unsigned int, WorkerThreads*)+0x36
V  [libjvm.so+0x8ba3be]  HeapRegionManager::expand_by(unsigned int, WorkerThreads*)+0x7e
V  [libjvm.so+0x7cd92a]  G1CollectedHeap::expand(unsigned long, WorkerThreads*, double*)+0xfa
V  [libjvm.so+0x7cdf39]  G1CollectedHeap::initialize()+0x5c9
V  [libjvm.so+0xfb8f7a]  universe_init()+0xda
V  [libjvm.so+0x8d7f9b]  init_globals()+0x3b
V  [libjvm.so+0xf975d5]  Threads::create_vm(JavaVMInitArgs*, bool*)+0x275
V  [libjvm.so+0x9b2d43]  JNI_CreateJavaVM+0x53
C  [libjli.so+0x4693]  JavaMain+0x93
C  [libjli.so+0x832d]  ThreadJavaMain+0xd

---------------  P R O C E S S  ---------------

Threads class SMR info:
_java_thread_list=0x00007c3c14252d40, length=0, elements={
}

Java Threads: ( => current thread )
Total: 0

Other Threads:
  0x00007c3c0c042be0 WorkerThread "GC Thread#0"                     [id=40567, stack(0x00007c3c1027a000,0x00007c3c1037a000) (1024K)]
  0x00007c3c0c0541a0 ConcurrentGCThread "G1 Main Marker"            [id=40568, stack(0x00007c3c10179000,0x00007c3c10279000) (1024K)]
  0x00007c3c0c055140 WorkerThread "G1 Conc#0"                       [id=40569, stack(0x00007c3c10078000,0x00007c3c10178000) (1024K)]

[error occurred during error reporting (printing all threads), id 0xb, SIGSEGV (0xb) at pc=0x00007c3c134eec64]
VM state: not at safepoint (not fully initialized)

VM Mutex/Monitor currently owned by a thread:  ([mutex/lock_event])
[0x00007c3c1422cbf8] Heap_lock - owner thread: 0x00007c3c0c018a50

Heap address: 0x0000000400000000, size: 16384 MB, Compressed Oops mode: Zero based, Oop shift amount: 3

CDS archive(s) mapped at: [0x0000000000000000-0x0000000000000000-0x0000000000000000), size 0, SharedBaseAddress: 0x0000000800000000, ArchiveRelocationMode: 1.
Narrow klass base: 0x0000000000000000, Narrow klass shift: 0, Narrow klass range: 0x0

GC Precious Log:
 CardTable entry size: 512
 Card Set container configuration: InlinePtr #cards 4 size 8 Array Of Cards #cards 64 size 144 Howl #buckets 8 coarsen threshold 14745 Howl Bitmap #cards 2048 size 272 coarsen threshold 1843 Card regions per heap region 1 cards per card region 16384

Heap:
 garbage-first heap   total 0K, used 0K [0x0000000400000000, 0x0000000800000000)
  region size 8192K, 0 young (0K), 0 survivors (0K)

[error occurred during error reporting (printing heap information), id 0xb, SIGSEGV (0xb) at pc=0x00007c3c13aad8de]
GC Heap History (0 events):
No events

Dll operation events (1 events):
Event: 0.002 Loaded shared library /usr/lib/jvm/java-21-openjdk-amd64/lib/libjava.so

Deoptimization events (0 events):
No events

Classes loaded (0 events):
No events

Classes unloaded (0 events):
No events

Classes redefined (0 events):
No events

Internal exceptions (0 events):
No events

ZGC Phase Switch (0 events):
No events

VM Operations (0 events):
No events

Memory protections (1 events):
Event: 0.002 Protecting memory [0x00007c3c128b1000,0x00007c3c128b5000] with protection modes 0

Nmethod flushes (0 events):
No events

Events (0 events):
No events


Dynamic libraries:
600000000-800000000 ---p 00000000 00:00 0 
5de567966000-5de567967000 r--p 00000000 00:2c 1188420                    /usr/lib/jvm/java-21-openjdk-amd64/bin/java
5de567967000-5de567968000 r-xp 00001000 00:2c 1188420                    /usr/lib/jvm/java-21-openjdk-amd64/bin/java
5de567968000-5de567969000 r--p 00002000 00:2c 1188420                    /usr/lib/jvm/java-21-openjdk-amd64/bin/java
5de567969000-5de56796a000 r--p 00002000 00:2c 1188420                    /usr/lib/jvm/java-21-openjdk-amd64/bin/java
5de56796a000-5de56796b000 rw-p 00003000 00:2c 1188420                    /usr/lib/jvm/java-21-openjdk-amd64/bin/java
5de5926f4000-5de59273b000 rw-p 00000000 00:00 0                          [heap]
7c3bd0000000-7c3bd0021000 rw-p 00000000 00:00 0 
7c3bd0021000-7c3bd4000000 ---p 00000000 00:00 0 
7c3bd4000000-7c3bd4021000 rw-p 00000000 00:00 0 
7c3bd4021000-7c3bd8000000 ---p 00000000 00:00 0 
7c3bdc000000-7c3bdc021000 rw-p 00000000 00:00 0 
7c3bdc021000-7c3be0000000 ---p 00000000 00:00 0 
7c3be0200000-7c3be04e4000 rw-p 00000000 00:00 0 
7c3be057c000-7c3be2800000 rw-p 00000000 00:00 0 
7c3be2800000-7c3bf4800000 ---p 00000000 00:00 0 
7c3bf4800000-7c3bf4a70000 rwxp 00000000 00:00 0 
7c3bf4a70000-7c3bfbd38000 ---p 00000000 00:00 0 
7c3bfbd38000-7c3bfbfa8000 rwxp 00000000 00:00 0 
7c3bfbfa8000-7c3bfc2c7000 ---p 00000000 00:00 0 
7c3bfc2c7000-7c3bfc537000 rwxp 00000000 00:00 0 
7c3bfc537000-7c3c03800000 ---p 00000000 00:00 0 
7c3c038ee000-7c3c039ef000 rw-p 00000000 00:00 0 
7c3c039ef000-7c3c0c000000 r--s 00000000 00:2c 1188570                    /usr/lib/jvm/java-21-openjdk-amd64/lib/modules
7c3c0c000000-7c3c0c06b000 rw-p 00000000 00:00 0 
7c3c0c06b000-7c3c10000000 ---p 00000000 00:00 0 
7c3c10077000-7c3c10078000 ---p 00000000 00:00 0 
7c3c10078000-7c3c10178000 rw-p 00000000 00:00 0 
7c3c10178000-7c3c10179000 ---p 00000000 00:00 0 
7c3c10179000-7c3c10279000 rw-p 00000000 00:00 0 
7c3c10279000-7c3c1027a000 ---p 00000000 00:00 0 
7c3c1027a000-7c3c1037a000 rw-p 00000000 00:00 0 
7c3c1037a000-7c3c10400000 rw-p 00000000 00:00 0 
7c3c10400000-7c3c12400000 ---p 00000000 00:00 0 
7c3c12408000-7c3c12690000 rw-p 00000000 00:00 0 
7c3c12690000-7c3c12776000 ---p 00000000 00:00 0 
7c3c12776000-7c3c1277b000 rw-p 00000000 00:00 0 
7c3c1277b000-7c3c12861000 ---p 00000000 00:00 0 
7c3c12861000-7c3c12866000 rw-p 00000000 00:00 0 
7c3c12866000-7c3c1286d000 ---p 00000000 00:00 0 
7c3c1286d000-7c3c1287a000 r--p 00000000 00:2c 1188547                    /usr/lib/jvm/java-21-openjdk-amd64/lib/libjava.so
7c3c1287a000-7c3c12889000 r-xp 0000d000 00:2c 1188547                    /usr/lib/jvm/java-21-openjdk-amd64/lib/libjava.so
7c3c12889000-7c3c1288e000 r--p 0001c000 00:2c 1188547                    /usr/lib/jvm/java-21-openjdk-amd64/lib/libjava.so
7c3c1288e000-7c3c1288f000 ---p 00021000 00:2c 1188547                    /usr/lib/jvm/java-21-openjdk-amd64/lib/libjava.so
7c3c1288f000-7c3c12890000 r--p 00021000 00:2c 1188547                    /usr/lib/jvm/java-21-openjdk-amd64/lib/libjava.so
7c3c12890000-7c3c12891000 rw-p 00022000 00:2c 1188547                    /usr/lib/jvm/java-21-openjdk-amd64/lib/libjava.so
7c3c12891000-7c3c12892000 rw-p 00000000 00:00 0 
7c3c12892000-7c3c12895000 r--p 00000000 00:2c 132074                     /usr/lib/x86_64-linux-gnu/libnss_files-2.31.so
7c3c12895000-7c3c1289c000 r-xp 00003000 00:2c 132074                     /usr/lib/x86_64-linux-gnu/libnss_files-2.31.so
7c3c1289c000-7c3c1289e000 r--p 0000a000 00:2c 132074                     /usr/lib/x86_64-linux-gnu/libnss_files-2.31.so
7c3c1289e000-7c3c1289f000 r--p 0000b000 00:2c 132074                     /usr/lib/x86_64-linux-gnu/libnss_files-2.31.so
7c3c1289f000-7c3c128a0000 rw-p 0000c000 00:2c 132074                     /usr/lib/x86_64-linux-gnu/libnss_files-2.31.so
7c3c128a0000-7c3c128a6000 rw-p 00000000 00:00 0 
7c3c128a9000-7c3c128b1000 rw-s 00000000 08:01 1572866                    /tmp/hsperfdata_codespace/40564
7c3c128b1000-7c3c128b5000 ---p 00000000 00:00 0 
7c3c128b5000-7c3c129b2000 rw-p 00000000 00:00 0 
7c3c129b2000-7c3c129b5000 r--p 00000000 00:2c 132034                     /usr/lib/x86_64-linux-gnu/libgcc_s.so.1
7c3c129b5000-7c3c129c7000 r-xp 00003000 00:2c 132034                     /usr/lib/x86_64-linux-gnu/libgcc_s.so.1
7c3c129c7000-7c3c129cb000 r--p 00015000 00:2c 132034                     /usr/lib/x86_64-linux-gnu/libgcc_s.so.1
7c3c129cb000-7c3c129cc000 r--p 00018000 00:2c 132034                     /usr/lib/x86_64-linux-gnu/libgcc_s.so.1
7c3c129cc000-7c3c129cd000 rw-p 00019000 00:2c 132034                     /usr/lib/x86_64-linux-gnu/libgcc_s.so.1
7c3c129cd000-7c3c129da000 r--p 00000000 00:2c 132051                     /usr/lib/x86_64-linux-gnu/libm-2.31.so
7c3c129da000-7c3c12a81000 r-xp 0000d000 00:2c 132051                     /usr/lib/x86_64-linux-gnu/libm-2.31.so
7c3c12a81000-7c3c12b1a000 r--p 000b4000 00:2c 132051                     /usr/lib/x86_64-linux-gnu/libm-2.31.so
7c3c12b1a000-7c3c12b1b000 r--p 0014c000 00:2c 132051                     /usr/lib/x86_64-linux-gnu/libm-2.31.so
7c3c12b1b000-7c3c12b1c000 rw-p 0014d000 00:2c 132051                     /usr/lib/x86_64-linux-gnu/libm-2.31.so
7c3c12b1c000-7c3c12bb2000 r--p 00000000 00:2c 132119                     /usr/lib/x86_64-linux-gnu/libstdc++.so.6.0.28
7c3c12bb2000-7c3c12ca3000 r-xp 00096000 00:2c 132119                     /usr/lib/x86_64-linux-gnu/libstdc++.so.6.0.28
7c3c12ca3000-7c3c12cec000 r--p 00187000 00:2c 132119                     /usr/lib/x86_64-linux-gnu/libstdc++.so.6.0.28
7c3c12cec000-7c3c12ced000 ---p 001d0000 00:2c 132119                     /usr/lib/x86_64-linux-gnu/libstdc++.so.6.0.28
7c3c12ced000-7c3c12cf8000 r--p 001d0000 00:2c 132119                     /usr/lib/x86_64-linux-gnu/libstdc++.so.6.0.28
7c3c12cf8000-7c3c12cfb000 rw-p 001db000 00:2c 132119                     /usr/lib/x86_64-linux-gnu/libstdc++.so.6.0.28
7c3c12cfb000-7c3c12cfe000 rw-p 00000000 00:00 0 
7c3c12cfe000-7c3c12d00000 r--p 00000000 00:2c 132107                     /usr/lib/x86_64-linux-gnu/librt-2.31.so
7c3c12d00000-7c3c12d04000 r-xp 00002000 00:2c 132107                     /usr/lib/x86_64-linux-gnu/librt-2.31.so
7c3c12d04000-7c3c12d06000 r--p 00006000 00:2c 132107                     /usr/lib/x86_64-linux-gnu/librt-2.31.so
7c3c12d06000-7c3c12d07000 r--p 00007000 00:2c 132107                     /usr/lib/x86_64-linux-gnu/librt-2.31.so
7c3c12d07000-7c3c12d08000 rw-p 00008000 00:2c 132107                     /usr/lib/x86_64-linux-gnu/librt-2.31.so
7c3c12d08000-7c3c12fa9000 r--p 00000000 00:2c 1188576                    /usr/lib/jvm/java-21-openjdk-amd64/lib/server/libjvm.so
7c3c12fa9000-7c3c13e1a000 r-xp 002a1000 00:2c 1188576                    /usr/lib/jvm/java-21-openjdk-amd64/lib/server/libjvm.so
7c3c13e1a000-7c3c140f7000 r--p 01112000 00:2c 1188576                    /usr/lib/jvm/java-21-openjdk-amd64/lib/server/libjvm.so
7c3c140f7000-7c3c140f8000 ---p 013ef000 00:2c 1188576                    /usr/lib/jvm/java-21-openjdk-amd64/lib/server/libjvm.so
7c3c140f8000-7c3c141cb000 r--p 013ef000 00:2c 1188576                    /usr/lib/jvm/java-21-openjdk-amd64/lib/server/libjvm.so
7c3c141cb000-7c3c141fb000 rw-p 014c2000 00:2c 1188576                    /usr/lib/jvm/java-21-openjdk-amd64/lib/server/libjvm.so
7c3c141fb000-7c3c14263000 rw-p 00000000 00:00 0 
7c3c14263000-7c3c14285000 r--p 00000000 00:2c 132009                     /usr/lib/x86_64-linux-gnu/libc-2.31.so
7c3c14285000-7c3c143fd000 r-xp 00022000 00:2c 132009                     /usr/lib/x86_64-linux-gnu/libc-2.31.so
7c3c143fd000-7c3c1444b000 r--p 0019a000 00:2c 132009                     /usr/lib/x86_64-linux-gnu/libc-2.31.so
7c3c1444b000-7c3c1444f000 r--p 001e7000 00:2c 132009                     /usr/lib/x86_64-linux-gnu/libc-2.31.so
7c3c1444f000-7c3c14451000 rw-p 001eb000 00:2c 132009                     /usr/lib/x86_64-linux-gnu/libc-2.31.so
7c3c14451000-7c3c14455000 rw-p 00000000 00:00 0 
7c3c14455000-7c3c14456000 r--p 00000000 00:2c 132020                     /usr/lib/x86_64-linux-gnu/libdl-2.31.so
7c3c14456000-7c3c14458000 r-xp 00001000 00:2c 132020                     /usr/lib/x86_64-linux-gnu/libdl-2.31.so
7c3c14458000-7c3c14459000 r--p 00003000 00:2c 132020                     /usr/lib/x86_64-linux-gnu/libdl-2.31.so
7c3c14459000-7c3c1445a000 r--p 00003000 00:2c 132020                     /usr/lib/x86_64-linux-gnu/libdl-2.31.so
7c3c1445a000-7c3c1445b000 rw-p 00004000 00:2c 132020                     /usr/lib/x86_64-linux-gnu/libdl-2.31.so
7c3c1445b000-7c3c14461000 r--p 00000000 00:2c 132103                     /usr/lib/x86_64-linux-gnu/libpthread-2.31.so
7c3c14461000-7c3c14472000 r-xp 00006000 00:2c 132103                     /usr/lib/x86_64-linux-gnu/libpthread-2.31.so
7c3c14472000-7c3c14478000 r--p 00017000 00:2c 132103                     /usr/lib/x86_64-linux-gnu/libpthread-2.31.so
7c3c14478000-7c3c14479000 r--p 0001c000 00:2c 132103                     /usr/lib/x86_64-linux-gnu/libpthread-2.31.so
7c3c14479000-7c3c1447a000 rw-p 0001d000 00:2c 132103                     /usr/lib/x86_64-linux-gnu/libpthread-2.31.so
7c3c1447a000-7c3c1447e000 rw-p 00000000 00:00 0 
7c3c1447e000-7c3c14480000 r--p 00000000 00:2c 1188551                    /usr/lib/jvm/java-21-openjdk-amd64/lib/libjli.so
7c3c14480000-7c3c1448a000 r-xp 00002000 00:2c 1188551                    /usr/lib/jvm/java-21-openjdk-amd64/lib/libjli.so
7c3c1448a000-7c3c1448d000 r--p 0000c000 00:2c 1188551                    /usr/lib/jvm/java-21-openjdk-amd64/lib/libjli.so
7c3c1448d000-7c3c1448e000 ---p 0000f000 00:2c 1188551                    /usr/lib/jvm/java-21-openjdk-amd64/lib/libjli.so
7c3c1448e000-7c3c1448f000 r--p 0000f000 00:2c 1188551                    /usr/lib/jvm/java-21-openjdk-amd64/lib/libjli.so
7c3c1448f000-7c3c14490000 rw-p 00010000 00:2c 1188551                    /usr/lib/jvm/java-21-openjdk-amd64/lib/libjli.so
7c3c14490000-7c3c14492000 r--p 00000000 00:2c 132139                     /usr/lib/x86_64-linux-gnu/libz.so.1.2.11
7c3c14492000-7c3c144a3000 r-xp 00002000 00:2c 132139                     /usr/lib/x86_64-linux-gnu/libz.so.1.2.11
7c3c144a3000-7c3c144a9000 r--p 00013000 00:2c 132139                     /usr/lib/x86_64-linux-gnu/libz.so.1.2.11
7c3c144a9000-7c3c144aa000 ---p 00019000 00:2c 132139                     /usr/lib/x86_64-linux-gnu/libz.so.1.2.11
7c3c144aa000-7c3c144ab000 r--p 00019000 00:2c 132139                     /usr/lib/x86_64-linux-gnu/libz.so.1.2.11
7c3c144ab000-7c3c144ac000 rw-p 0001a000 00:2c 132139                     /usr/lib/x86_64-linux-gnu/libz.so.1.2.11
7c3c144ac000-7c3c144ae000 rw-p 00000000 00:00 0 
7c3c144ae000-7c3c144af000 ---p 00000000 00:00 0 
7c3c144af000-7c3c144b0000 r--p 00000000 00:00 0 
7c3c144b0000-7c3c144b2000 r--p 00000000 00:2c 1188550                    /usr/lib/jvm/java-21-openjdk-amd64/lib/libjimage.so
7c3c144b2000-7c3c144b5000 r-xp 00002000 00:2c 1188550                    /usr/lib/jvm/java-21-openjdk-amd64/lib/libjimage.so
7c3c144b5000-7c3c144b6000 r--p 00005000 00:2c 1188550                    /usr/lib/jvm/java-21-openjdk-amd64/lib/libjimage.so
7c3c144b6000-7c3c144b7000 ---p 00006000 00:2c 1188550                    /usr/lib/jvm/java-21-openjdk-amd64/lib/libjimage.so
7c3c144b7000-7c3c144b8000 r--p 00006000 00:2c 1188550                    /usr/lib/jvm/java-21-openjdk-amd64/lib/libjimage.so
7c3c144b8000-7c3c144b9000 rw-p 00007000 00:2c 1188550                    /usr/lib/jvm/java-21-openjdk-amd64/lib/libjimage.so
7c3c144b9000-7c3c144ba000 r--p 00000000 00:2c 131987                     /usr/lib/x86_64-linux-gnu/ld-2.31.so
7c3c144ba000-7c3c144dd000 r-xp 00001000 00:2c 131987                     /usr/lib/x86_64-linux-gnu/ld-2.31.so
7c3c144dd000-7c3c144e5000 r--p 00024000 00:2c 131987                     /usr/lib/x86_64-linux-gnu/ld-2.31.so
7c3c144e5000-7c3c144e6000 ---p 00000000 00:00 0 
7c3c144e6000-7c3c144e7000 r--p 0002c000 00:2c 131987                     /usr/lib/x86_64-linux-gnu/ld-2.31.so
7c3c144e7000-7c3c144e8000 rw-p 0002d000 00:2c 131987                     /usr/lib/x86_64-linux-gnu/ld-2.31.so
7c3c144e8000-7c3c144e9000 rw-p 00000000 00:00 0 
7ffc5ae71000-7ffc5ae93000 rw-p 00000000 00:00 0                          [stack]
7ffc5afd3000-7ffc5afd7000 r--p 00000000 00:00 0                          [vvar]
7ffc5afd7000-7ffc5afd9000 r-xp 00000000 00:00 0                          [vdso]
ffffffffff600000-ffffffffff601000 --xp 00000000 00:00 0                  [vsyscall]
Total number of mappings: 134


VM Arguments:
jvm_args: -Xms8G -Xmx16G 
java_command: paper.jar nogui
java_class_path (initial): paper.jar
Launcher Type: SUN_STANDARD

[Global flags]
     intx CICompilerCount                          = 2                                         {product} {ergonomic}
     uint ConcGCThreads                            = 1                                         {product} {ergonomic}
     uint G1ConcRefinementThreads                  = 2                                         {product} {ergonomic}
   size_t G1HeapRegionSize                         = 8388608                                   {product} {ergonomic}
    uintx GCDrainStackTargetSize                   = 64                                        {product} {ergonomic}
   size_t InitialHeapSize                          = 8589934592                                {product} {command line}
   size_t MarkStackSize                            = 4194304                                   {product} {ergonomic}
   size_t MaxHeapSize                              = 17179869184                               {product} {command line}
   size_t MinHeapDeltaBytes                        = 8388608                                   {product} {ergonomic}
   size_t MinHeapSize                              = 8589934592                                {product} {command line}
    uintx NonNMethodCodeHeapSize                   = 5826188                                {pd product} {ergonomic}
    uintx NonProfiledCodeHeapSize                  = 122916026                              {pd product} {ergonomic}
    uintx ProfiledCodeHeapSize                     = 122916026                              {pd product} {ergonomic}
    uintx ReservedCodeCacheSize                    = 251658240                              {pd product} {ergonomic}
     bool SegmentedCodeCache                       = true                                      {product} {ergonomic}
   size_t SoftMaxHeapSize                          = 17179869184                            {manageable} {ergonomic}
     bool UseCompressedOops                        = true                           {product lp64_product} {ergonomic}
     bool UseG1GC                                  = true                                      {product} {ergonomic}

Logging:
Log output configuration:
 #0: stdout all=warning uptime,level,tags foldmultilines=false
 #1: stderr all=off uptime,level,tags foldmultilines=false

Environment Variables:
JAVA_HOME=/usr/local/sdkman/candidates/java/current
PATH=/workspaces/FriendlySMP/crafty/.venv/bin:/usr/local/rvm/gems/ruby-3.3.4/bin:/usr/local/rvm/gems/ruby-3.3.4@global/bin:/usr/local/rvm/rubies/ruby-3.3.4/bin:/vscode/bin/linux-x64/ddc367ed5c8936efe395cffeec279b04ffd7db78/bin/remote-cli:/home/codespace/.local/bin:/home/codespace/.dotnet:/home/codespace/nvm/current/bin:/home/codespace/.php/current/bin:/home/codespace/.python/current/bin:/home/codespace/java/current/bin:/home/codespace/.ruby/current/bin:/home/codespace/.local/bin:/usr/local/python/current/bin:/usr/local/py-utils/bin:/usr/local/oryx:/usr/local/go/bin:/go/bin:/usr/local/sdkman/bin:/usr/local/sdkman/candidates/java/current/bin:/usr/local/sdkman/candidates/gradle/current/bin:/usr/local/sdkman/candidates/maven/current/bin:/usr/local/sdkman/candidates/ant/current/bin:/usr/local/rvm/gems/default/bin:/usr/local/rvm/gems/default@global/bin:/usr/local/rvm/rubies/default/bin:/usr/local/share/rbenv/bin:/usr/local/php/current/bin:/opt/conda/bin:/usr/local/nvs:/usr/local/share/nvm/versions/node/v20.18.1/bin:/usr/local/hugo/bin:/usr/local/sbin:/usr/local/bin:/usr/sbin:/usr/bin:/sbin:/bin:/usr/share/dotnet:/home/codespace/.dotnet/tools:/usr/local/rvm/bin
SHELL=/bin/bash
LANG=C.UTF-8
TERM=xterm-256color
TZ=Asia/Kolkata

Active Locale:
LC_ALL=C
LC_COLLATE=C
LC_CTYPE=C
LC_MESSAGES=C
LC_MONETARY=C
LC_NUMERIC=C
LC_TIME=C

Signal Handlers:
   SIGSEGV: crash_handler in libjvm.so, mask=11100100010111111101111111111110, flags=SA_RESTART|SA_SIGINFO, unblocked
    SIGBUS: crash_handler in libjvm.so, mask=11100100010111111101111111111110, flags=SA_RESTART|SA_SIGINFO, unblocked
    SIGFPE: crash_handler in libjvm.so, mask=11100100010111111101111111111110, flags=SA_RESTART|SA_SIGINFO, unblocked
   SIGPIPE: javaSignalHandler in libjvm.so, mask=11100100010111111101111111111110, flags=SA_RESTART|SA_SIGINFO, blocked
   SIGXFSZ: javaSignalHandler in libjvm.so, mask=11100100010111111101111111111110, flags=SA_RESTART|SA_SIGINFO, blocked
    SIGILL: crash_handler in libjvm.so, mask=11100100010111111101111111111110, flags=SA_RESTART|SA_SIGINFO, unblocked
   SIGUSR2: SR_handler in libjvm.so, mask=00000000000000000000000000000000, flags=SA_RESTART|SA_SIGINFO, blocked
    SIGHUP: SIG_DFL, mask=00000000000000000000000000000000, flags=none, blocked
    SIGINT: SIG_DFL, mask=00000000000000000000000000000000, flags=none, blocked
   SIGTERM: SIG_DFL, mask=00000000000000000000000000000000, flags=none, blocked
   SIGQUIT: UserHandler in libjvm.so, mask=11100100010111111101111111111110, flags=SA_RESTART|SA_SIGINFO, blocked
   SIGTRAP: crash_handler in libjvm.so, mask=11100100010111111101111111111110, flags=SA_RESTART|SA_SIGINFO, unblocked


Periodic native trim disabled

---------------  S Y S T E M  ---------------

OS:
DISTRIB_ID=Ubuntu
DISTRIB_RELEASE=20.04
DISTRIB_CODENAME=focal
DISTRIB_DESCRIPTION="Ubuntu 20.04.6 LTS"
uname: Linux 6.8.0-1021-azure #25~22.04.1-Ubuntu SMP Thu Jan 16 21:37:09 UTC 2025 x86_64
OS uptime: 0 days 1:26 hours
libc: glibc 2.31 NPTL 2.31 
rlimit (soft/hard): STACK 8192k/infinity , CORE infinity/infinity , NPROC infinity/infinity , NOFILE 1048576/1048576 , AS infinity/infinity , CPU infinity/infinity , DATA infinity/infinity , FSIZE infinity/infinity , MEMLOCK 8192k/8192k
load average: 1.22 2.06 3.41

/proc/meminfo:
MemTotal:        8129232 kB
MemFree:         4346356 kB
MemAvailable:    6172840 kB
Buffers:           26352 kB
Cached:          2001212 kB
SwapCached:            0 kB
Active:          1164436 kB
Inactive:        2212564 kB
Active(anon):    1030752 kB
Inactive(anon):   390904 kB
Active(file):     133684 kB
Inactive(file):  1821660 kB
Unevictable:       27888 kB
Mlocked:           27888 kB
SwapTotal:             0 kB
SwapFree:              0 kB
Zswap:                 0 kB
Zswapped:              0 kB
Dirty:             23808 kB
Writeback:            52 kB
AnonPages:       1351396 kB
Mapped:           206016 kB
Shmem:             63236 kB
KReclaimable:     184752 kB
Slab:             266120 kB
SReclaimable:     184752 kB
SUnreclaim:        81368 kB
KernelStack:        7792 kB
PageTables:        22560 kB
SecPageTables:         0 kB
NFS_Unstable:          0 kB
Bounce:                0 kB
WritebackTmp:          0 kB
CommitLimit:     4064616 kB
Committed_AS:    3396752 kB
VmallocTotal:   34359738367 kB
VmallocUsed:       40984 kB
VmallocChunk:          0 kB
Percpu:             1128 kB
HardwareCorrupted:     0 kB
AnonHugePages:    755712 kB
ShmemHugePages:        0 kB
ShmemPmdMapped:        0 kB
FileHugePages:         0 kB
FilePmdMapped:         0 kB
Unaccepted:            0 kB
HugePages_Total:       0
HugePages_Free:        0
HugePages_Rsvd:        0
HugePages_Surp:        0
Hugepagesize:       2048 kB
Hugetlb:               0 kB
DirectMap4k:      147392 kB
DirectMap2M:     5095424 kB
DirectMap1G:     5242880 kB

/sys/kernel/mm/transparent_hugepage/enabled: [always] madvise never
/sys/kernel/mm/transparent_hugepage/hpage_pmd_size: 2097152
/sys/kernel/mm/transparent_hugepage/defrag (defrag/compaction efforts parameter): always defer defer+madvise [madvise] never

Process Memory:
Virtual Size: 9438548K (peak: 17822648K)
Resident Set Size: 21300K (peak: 21300K) (anon: 7220K, file: 14080K, shmem: 0K)
Swapped out: 0K
C-Heap outstanding allocations: 9924K, retained: 599K (may have wrapped)
glibc malloc tunables: (default)

/proc/sys/kernel/threads-max (system-wide limit on the number of threads): 63466
/proc/sys/vm/max_map_count (maximum number of memory map areas a process may have): 65530
/proc/sys/vm/swappiness (control to define how aggressively the kernel swaps out anonymous memory): 60
/proc/sys/kernel/pid_max (system-wide limit on number of process identifiers): 4194304

container (cgroup) information:
container_type: cgroupv2
cpu_cpuset_cpus: not supported
cpu_memory_nodes: not supported
active_processor_count: 2
cpu_quota: no quota
cpu_period: 100000
cpu_shares: no shares
memory_limit_in_bytes: unlimited
memory_and_swap_limit_in_bytes: unlimited
memory_soft_limit_in_bytes: unlimited
memory_usage_in_bytes: 1183812 k
memory_max_usage_in_bytes: not supported
memory_swap_current_in_bytes: unlimited
memory_swap_max_limit_in_bytes: unlimited
maximum number of tasks: unlimited
current number of tasks: 131

Hyper-V virtualization detected
Steal ticks since vm start: 0
Steal ticks percentage since vm start:  0.000

CPU: total 2 (initial active 2) (16 cores per cpu, 2 threads per core) family 25 model 1 stepping 1 microcode 0xffffffff, cx8, cmov, fxsr, ht, mmx, 3dnowpref, sse, sse2, sse3, ssse3, sse4a, sse4.1, sse4.2, popcnt, lzcnt, tsc, tscinvbit, avx, avx2, aes, erms, clmul, bmi1, bmi2, adx, sha, fma, vzeroupper, clflush, clflushopt, hv, rdtscp, rdpid, fsrm, f16c, cet_ss
CPU Model and flags from /proc/cpuinfo:
model name	: AMD EPYC 7763 64-Core Processor
flags		: fpu vme de pse tsc msr pae mce cx8 apic sep mtrr pge mca cmov pat pse36 clflush mmx fxsr sse sse2 ht syscall nx mmxext fxsr_opt pdpe1gb rdtscp lm constant_tsc rep_good nopl tsc_reliable nonstop_tsc cpuid extd_apicid aperfmperf pni pclmulqdq ssse3 fma cx16 pcid sse4_1 sse4_2 movbe popcnt aes xsave avx f16c rdrand hypervisor lahf_lm cmp_legacy svm cr8_legacy abm sse4a misalignsse 3dnowprefetch osvw topoext vmmcall fsgsbase bmi1 avx2 smep bmi2 erms invpcid rdseed adx smap clflushopt clwb sha_ni xsaveopt xsavec xgetbv1 xsaves user_shstk clzero xsaveerptr rdpru arat npt nrip_save tsc_scale vmcb_clean flushbyasid decodeassists pausefilter pfthreshold v_vmsave_vmload umip vaes vpclmulqdq rdpid fsrm

Online cpus: 0-1
Offline cpus: 
BIOS frequency limitation: <Not Available>
Frequency switch latency (ns): <Not Available>
Available cpu frequencies: <Not Available>
Current governor: <Not Available>
Core performance/turbo boost: <Not Available>

Memory: 4k page, physical 8129232k(6172840k free), swap 0k(0k free)
Page Sizes: 4k

vm_info: OpenJDK 64-Bit Server VM (21.0.6+7-Ubuntu-120.04.1) for linux-amd64 JRE (21.0.6+7-Ubuntu-120.04.1), built on 2025-01-23T22:51:56Z by "buildd" with gcc 10.5.0

END.
