#
# There is insufficient memory for the Java Runtime Environment to continue.
# Native memory allocation (mmap) failed to map 8589934592 bytes. Error detail: committing reserved memory.
# Possible reasons:
#   The system is out of physical RAM or swap space
#   This process is running with CompressedOops enabled, and the Java Heap may be blocking the growth of the native heap
# Possible solutions:
#   Reduce memory load on the system
#   Increase physical memory or swap space
#   Check if swap backing store is full
#   Decrease Java heap size (-Xmx/-Xms)
#   Decrease number of Java threads
#   Decrease Java thread stack sizes (-Xss)
#   Set larger code cache with -XX:ReservedCodeCacheSize=
#   JVM is running with Zero Based Compressed Oops mode in which the Java heap is
#     placed in the first 32GB address space. The Java Heap base address is the
#     maximum limit for the native heap growth. Please use -XX:HeapBaseMinAddress
#     to set the Java Heap base and to place the Java Heap above 32GB virtual address.
# This output file may be truncated or incomplete.
#
#  Out of Memory Error (os_linux.cpp:2793), pid=40883, tid=40885
#
# JRE version:  (21.0.6+7) (build )
# Java VM: OpenJDK 64-Bit Server VM (21.0.6+7-Ubuntu-120.04.1, mixed mode, sharing, tiered, compressed oops, compressed class ptrs, g1 gc, linux-amd64)
# Core dump will be written. Default location: Core dumps may be processed with "/usr/share/apport/apport -p%p -s%s -c%c -d%d -P%P -u%u -g%g -- %E" (or dumping to /workspaces/FriendlySMP/crafty/servers/8431bed5-48c2-468a-bed1-7eb64b1b9468/core.40883)
#

---------------  S U M M A R Y ------------

Command Line: -Xms8G -Xmx16G paper.jar nogui

Host: AMD EPYC 7763 64-Core Processor, 2 cores, 7G, Ubuntu 20.04.6 LTS
Time: Sat Mar 22 20:49:20 2025 IST elapsed time: 0.009643 seconds (0d 0h 0m 0s)

---------------  T H R E A D  ---------------

Current thread (0x00007c1418018a50):  JavaThread "Unknown thread" [_thread_in_vm, id=40885, stack(0x00007c141c9a8000,0x00007c141caa9000) (1028K)]

Stack: [0x00007c141c9a8000,0x00007c141caa9000],  sp=0x00007c141caa7530,  free space=1021k
Native frames: (J=compiled Java code, j=interpreted, Vv=VM code, C=native code)
V  [libjvm.so+0x1014af5]  VMError::report_and_die(int, char const*, char const*, __va_list_tag*, Thread*, unsigned char*, void*, void*, char const*, int, unsigned long)+0x285  (os_linux.cpp:2793)
V  [libjvm.so+0x1015491]
V  [libjvm.so+0x6b9563]
V  [libjvm.so+0xcfa52e]  os::pd_commit_memory_or_exit(char*, unsigned long, unsigned long, bool, char const*)+0xde
V  [libjvm.so+0xcf3ae1]  os::commit_memory_or_exit(char*, unsigned long, unsigned long, bool, char const*)+0x21
V  [libjvm.so+0x813c4b]  G1PageBasedVirtualSpace::commit(unsigned long, unsigned long)+0xfb
V  [libjvm.so+0x829f83]  G1RegionsLargerThanCommitSizeMapper::commit_regions(unsigned int, unsigned long, WorkerThreads*)+0xa3
V  [libjvm.so+0x8b8519]  HeapRegionManager::commit_regions(unsigned int, unsigned long, WorkerThreads*)+0x59
V  [libjvm.so+0x8ba196]  HeapRegionManager::expand(unsigned int, unsigned int, WorkerThreads*)+0x36
V  [libjvm.so+0x8ba3be]  HeapRegionManager::expand_by(unsigned int, WorkerThreads*)+0x7e
V  [libjvm.so+0x7cd92a]  G1CollectedHeap::expand(unsigned long, WorkerThreads*, double*)+0xfa
V  [libjvm.so+0x7cdf39]  G1CollectedHeap::initialize()+0x5c9
V  [libjvm.so+0xfb8f7a]  universe_init()+0xda
V  [libjvm.so+0x8d7f9b]  init_globals()+0x3b
V  [libjvm.so+0xf975d5]  Threads::create_vm(JavaVMInitArgs*, bool*)+0x275
V  [libjvm.so+0x9b2d43]  JNI_CreateJavaVM+0x53
C  [libjli.so+0x4693]  JavaMain+0x93
C  [libjli.so+0x832d]  ThreadJavaMain+0xd

---------------  P R O C E S S  ---------------

Threads class SMR info:
_java_thread_list=0x00007c141e349d40, length=0, elements={
}

Java Threads: ( => current thread )
Total: 0

Other Threads:
  0x00007c1418042be0 WorkerThread "GC Thread#0"                     [id=40886, stack(0x00007c141c379000,0x00007c141c479000) (1024K)]
  0x00007c14180541a0 ConcurrentGCThread "G1 Main Marker"            [id=40887, stack(0x00007c141c278000,0x00007c141c378000) (1024K)]
  0x00007c1418055140 WorkerThread "G1 Conc#0"                       [id=40888, stack(0x00007c141c177000,0x00007c141c277000) (1024K)]

[error occurred during error reporting (printing all threads), id 0xb, SIGSEGV (0xb) at pc=0x00007c141d5e5c64]
VM state: not at safepoint (not fully initialized)

VM Mutex/Monitor currently owned by a thread:  ([mutex/lock_event])
[0x00007c141e323bf8] Heap_lock - owner thread: 0x00007c1418018a50

Heap address: 0x0000000400000000, size: 16384 MB, Compressed Oops mode: Zero based, Oop shift amount: 3

CDS archive(s) mapped at: [0x0000000000000000-0x0000000000000000-0x0000000000000000), size 0, SharedBaseAddress: 0x0000000800000000, ArchiveRelocationMode: 1.
Narrow klass base: 0x0000000000000000, Narrow klass shift: 0, Narrow klass range: 0x0

GC Precious Log:
 CardTable entry size: 512
 Card Set container configuration: InlinePtr #cards 4 size 8 Array Of Cards #cards 64 size 144 Howl #buckets 8 coarsen threshold 14745 Howl Bitmap #cards 2048 size 272 coarsen threshold 1843 Card regions per heap region 1 cards per card region 16384

Heap:
 garbage-first heap   total 0K, used 0K [0x0000000400000000, 0x0000000800000000)
  region size 8192K, 0 young (0K), 0 survivors (0K)

[error occurred during error reporting (printing heap information), id 0xb, SIGSEGV (0xb) at pc=0x00007c141dba48de]
GC Heap History (0 events):
No events

Dll operation events (1 events):
Event: 0.002 Loaded shared library /usr/lib/jvm/java-21-openjdk-amd64/lib/libjava.so

Deoptimization events (0 events):
No events

Classes loaded (0 events):
No events

Classes unloaded (0 events):
No events

Classes redefined (0 events):
No events

Internal exceptions (0 events):
No events

ZGC Phase Switch (0 events):
No events

VM Operations (0 events):
No events

Memory protections (1 events):
Event: 0.002 Protecting memory [0x00007c141c9a8000,0x00007c141c9ac000] with protection modes 0

Nmethod flushes (0 events):
No events

Events (0 events):
No events


Dynamic libraries:
600000000-800000000 ---p 00000000 00:00 0 
5b3184ffa000-5b3184ffb000 r--p 00000000 00:2c 1188420                    /usr/lib/jvm/java-21-openjdk-amd64/bin/java
5b3184ffb000-5b3184ffc000 r-xp 00001000 00:2c 1188420                    /usr/lib/jvm/java-21-openjdk-amd64/bin/java
5b3184ffc000-5b3184ffd000 r--p 00002000 00:2c 1188420                    /usr/lib/jvm/java-21-openjdk-amd64/bin/java
5b3184ffd000-5b3184ffe000 r--p 00002000 00:2c 1188420                    /usr/lib/jvm/java-21-openjdk-amd64/bin/java
5b3184ffe000-5b3184fff000 rw-p 00003000 00:2c 1188420                    /usr/lib/jvm/java-21-openjdk-amd64/bin/java
5b3187263000-5b31872aa000 rw-p 00000000 00:00 0                          [heap]
7c13dc000000-7c13dc021000 rw-p 00000000 00:00 0 
7c13dc021000-7c13e0000000 ---p 00000000 00:00 0 
7c13e0000000-7c13e0021000 rw-p 00000000 00:00 0 
7c13e0021000-7c13e4000000 ---p 00000000 00:00 0 
7c13e6000000-7c13e8000000 rw-p 00000000 00:00 0 
7c13e8000000-7c13e8021000 rw-p 00000000 00:00 0 
7c13e8021000-7c13ec000000 ---p 00000000 00:00 0 
7c13ec200000-7c13ec4e4000 rw-p 00000000 00:00 0 
7c13ec67d000-7c13ec800000 rw-p 00000000 00:00 0 
7c13ec800000-7c1400800000 ---p 00000000 00:00 0 
7c1400800000-7c1400a70000 rwxp 00000000 00:00 0 
7c1400a70000-7c1407d38000 ---p 00000000 00:00 0 
7c1407d38000-7c1407fa8000 rwxp 00000000 00:00 0 
7c1407fa8000-7c14082c7000 ---p 00000000 00:00 0 
7c14082c7000-7c1408537000 rwxp 00000000 00:00 0 
7c1408537000-7c140f800000 ---p 00000000 00:00 0 
7c140f8ee000-7c140f9ef000 rw-p 00000000 00:00 0 
7c140f9ef000-7c1418000000 r--s 00000000 00:2c 1188570                    /usr/lib/jvm/java-21-openjdk-amd64/lib/modules
7c1418000000-7c141806b000 rw-p 00000000 00:00 0 
7c141806b000-7c141c000000 ---p 00000000 00:00 0 
7c141c075000-7c141c176000 rw-p 00000000 00:00 0 
7c141c176000-7c141c177000 ---p 00000000 00:00 0 
7c141c177000-7c141c277000 rw-p 00000000 00:00 0 
7c141c277000-7c141c278000 ---p 00000000 00:00 0 
7c141c278000-7c141c378000 rw-p 00000000 00:00 0 
7c141c378000-7c141c379000 ---p 00000000 00:00 0 
7c141c379000-7c141c479000 rw-p 00000000 00:00 0 
7c141c479000-7c141c787000 rw-p 00000000 00:00 0 
7c141c787000-7c141c86d000 ---p 00000000 00:00 0 
7c141c86d000-7c141c872000 rw-p 00000000 00:00 0 
7c141c872000-7c141c958000 ---p 00000000 00:00 0 
7c141c958000-7c141c95d000 rw-p 00000000 00:00 0 
7c141c95d000-7c141c964000 ---p 00000000 00:00 0 
7c141c964000-7c141c971000 r--p 00000000 00:2c 1188547                    /usr/lib/jvm/java-21-openjdk-amd64/lib/libjava.so
7c141c971000-7c141c980000 r-xp 0000d000 00:2c 1188547                    /usr/lib/jvm/java-21-openjdk-amd64/lib/libjava.so
7c141c980000-7c141c985000 r--p 0001c000 00:2c 1188547                    /usr/lib/jvm/java-21-openjdk-amd64/lib/libjava.so
7c141c985000-7c141c986000 ---p 00021000 00:2c 1188547                    /usr/lib/jvm/java-21-openjdk-amd64/lib/libjava.so
7c141c986000-7c141c987000 r--p 00021000 00:2c 1188547                    /usr/lib/jvm/java-21-openjdk-amd64/lib/libjava.so
7c141c987000-7c141c988000 rw-p 00022000 00:2c 1188547                    /usr/lib/jvm/java-21-openjdk-amd64/lib/libjava.so
7c141c988000-7c141c989000 rw-p 00000000 00:00 0 
7c141c989000-7c141c98c000 r--p 00000000 00:2c 132074                     /usr/lib/x86_64-linux-gnu/libnss_files-2.31.so
7c141c98c000-7c141c993000 r-xp 00003000 00:2c 132074                     /usr/lib/x86_64-linux-gnu/libnss_files-2.31.so
7c141c993000-7c141c995000 r--p 0000a000 00:2c 132074                     /usr/lib/x86_64-linux-gnu/libnss_files-2.31.so
7c141c995000-7c141c996000 r--p 0000b000 00:2c 132074                     /usr/lib/x86_64-linux-gnu/libnss_files-2.31.so
7c141c996000-7c141c997000 rw-p 0000c000 00:2c 132074                     /usr/lib/x86_64-linux-gnu/libnss_files-2.31.so
7c141c997000-7c141c99d000 rw-p 00000000 00:00 0 
7c141c9a0000-7c141c9a8000 rw-s 00000000 08:01 1572866                    /tmp/hsperfdata_codespace/40883
7c141c9a8000-7c141c9ac000 ---p 00000000 00:00 0 
7c141c9ac000-7c141caa9000 rw-p 00000000 00:00 0 
7c141caa9000-7c141caac000 r--p 00000000 00:2c 132034                     /usr/lib/x86_64-linux-gnu/libgcc_s.so.1
7c141caac000-7c141cabe000 r-xp 00003000 00:2c 132034                     /usr/lib/x86_64-linux-gnu/libgcc_s.so.1
7c141cabe000-7c141cac2000 r--p 00015000 00:2c 132034                     /usr/lib/x86_64-linux-gnu/libgcc_s.so.1
7c141cac2000-7c141cac3000 r--p 00018000 00:2c 132034                     /usr/lib/x86_64-linux-gnu/libgcc_s.so.1
7c141cac3000-7c141cac4000 rw-p 00019000 00:2c 132034                     /usr/lib/x86_64-linux-gnu/libgcc_s.so.1
7c141cac4000-7c141cad1000 r--p 00000000 00:2c 132051                     /usr/lib/x86_64-linux-gnu/libm-2.31.so
7c141cad1000-7c141cb78000 r-xp 0000d000 00:2c 132051                     /usr/lib/x86_64-linux-gnu/libm-2.31.so
7c141cb78000-7c141cc11000 r--p 000b4000 00:2c 132051                     /usr/lib/x86_64-linux-gnu/libm-2.31.so
7c141cc11000-7c141cc12000 r--p 0014c000 00:2c 132051                     /usr/lib/x86_64-linux-gnu/libm-2.31.so
7c141cc12000-7c141cc13000 rw-p 0014d000 00:2c 132051                     /usr/lib/x86_64-linux-gnu/libm-2.31.so
7c141cc13000-7c141cca9000 r--p 00000000 00:2c 132119                     /usr/lib/x86_64-linux-gnu/libstdc++.so.6.0.28
7c141cca9000-7c141cd9a000 r-xp 00096000 00:2c 132119                     /usr/lib/x86_64-linux-gnu/libstdc++.so.6.0.28
7c141cd9a000-7c141cde3000 r--p 00187000 00:2c 132119                     /usr/lib/x86_64-linux-gnu/libstdc++.so.6.0.28
7c141cde3000-7c141cde4000 ---p 001d0000 00:2c 132119                     /usr/lib/x86_64-linux-gnu/libstdc++.so.6.0.28
7c141cde4000-7c141cdef000 r--p 001d0000 00:2c 132119                     /usr/lib/x86_64-linux-gnu/libstdc++.so.6.0.28
7c141cdef000-7c141cdf2000 rw-p 001db000 00:2c 132119                     /usr/lib/x86_64-linux-gnu/libstdc++.so.6.0.28
7c141cdf2000-7c141cdf5000 rw-p 00000000 00:00 0 
7c141cdf5000-7c141cdf7000 r--p 00000000 00:2c 132107                     /usr/lib/x86_64-linux-gnu/librt-2.31.so
7c141cdf7000-7c141cdfb000 r-xp 00002000 00:2c 132107                     /usr/lib/x86_64-linux-gnu/librt-2.31.so
7c141cdfb000-7c141cdfd000 r--p 00006000 00:2c 132107                     /usr/lib/x86_64-linux-gnu/librt-2.31.so
7c141cdfd000-7c141cdfe000 r--p 00007000 00:2c 132107                     /usr/lib/x86_64-linux-gnu/librt-2.31.so
7c141cdfe000-7c141cdff000 rw-p 00008000 00:2c 132107                     /usr/lib/x86_64-linux-gnu/librt-2.31.so
7c141cdff000-7c141d0a0000 r--p 00000000 00:2c 1188576                    /usr/lib/jvm/java-21-openjdk-amd64/lib/server/libjvm.so
7c141d0a0000-7c141df11000 r-xp 002a1000 00:2c 1188576                    /usr/lib/jvm/java-21-openjdk-amd64/lib/server/libjvm.so
7c141df11000-7c141e1ee000 r--p 01112000 00:2c 1188576                    /usr/lib/jvm/java-21-openjdk-amd64/lib/server/libjvm.so
7c141e1ee000-7c141e1ef000 ---p 013ef000 00:2c 1188576                    /usr/lib/jvm/java-21-openjdk-amd64/lib/server/libjvm.so
7c141e1ef000-7c141e2c2000 r--p 013ef000 00:2c 1188576                    /usr/lib/jvm/java-21-openjdk-amd64/lib/server/libjvm.so
7c141e2c2000-7c141e2f2000 rw-p 014c2000 00:2c 1188576                    /usr/lib/jvm/java-21-openjdk-amd64/lib/server/libjvm.so
7c141e2f2000-7c141e35a000 rw-p 00000000 00:00 0 
7c141e35a000-7c141e37c000 r--p 00000000 00:2c 132009                     /usr/lib/x86_64-linux-gnu/libc-2.31.so
7c141e37c000-7c141e4f4000 r-xp 00022000 00:2c 132009                     /usr/lib/x86_64-linux-gnu/libc-2.31.so
7c141e4f4000-7c141e542000 r--p 0019a000 00:2c 132009                     /usr/lib/x86_64-linux-gnu/libc-2.31.so
7c141e542000-7c141e546000 r--p 001e7000 00:2c 132009                     /usr/lib/x86_64-linux-gnu/libc-2.31.so
7c141e546000-7c141e548000 rw-p 001eb000 00:2c 132009                     /usr/lib/x86_64-linux-gnu/libc-2.31.so
7c141e548000-7c141e54c000 rw-p 00000000 00:00 0 
7c141e54c000-7c141e54d000 r--p 00000000 00:2c 132020                     /usr/lib/x86_64-linux-gnu/libdl-2.31.so
7c141e54d000-7c141e54f000 r-xp 00001000 00:2c 132020                     /usr/lib/x86_64-linux-gnu/libdl-2.31.so
7c141e54f000-7c141e550000 r--p 00003000 00:2c 132020                     /usr/lib/x86_64-linux-gnu/libdl-2.31.so
7c141e550000-7c141e551000 r--p 00003000 00:2c 132020                     /usr/lib/x86_64-linux-gnu/libdl-2.31.so
7c141e551000-7c141e552000 rw-p 00004000 00:2c 132020                     /usr/lib/x86_64-linux-gnu/libdl-2.31.so
7c141e552000-7c141e558000 r--p 00000000 00:2c 132103                     /usr/lib/x86_64-linux-gnu/libpthread-2.31.so
7c141e558000-7c141e569000 r-xp 00006000 00:2c 132103                     /usr/lib/x86_64-linux-gnu/libpthread-2.31.so
7c141e569000-7c141e56f000 r--p 00017000 00:2c 132103                     /usr/lib/x86_64-linux-gnu/libpthread-2.31.so
7c141e56f000-7c141e570000 r--p 0001c000 00:2c 132103                     /usr/lib/x86_64-linux-gnu/libpthread-2.31.so
7c141e570000-7c141e571000 rw-p 0001d000 00:2c 132103                     /usr/lib/x86_64-linux-gnu/libpthread-2.31.so
7c141e571000-7c141e575000 rw-p 00000000 00:00 0 
7c141e575000-7c141e577000 r--p 00000000 00:2c 1188551                    /usr/lib/jvm/java-21-openjdk-amd64/lib/libjli.so
7c141e577000-7c141e581000 r-xp 00002000 00:2c 1188551                    /usr/lib/jvm/java-21-openjdk-amd64/lib/libjli.so
7c141e581000-7c141e584000 r--p 0000c000 00:2c 1188551                    /usr/lib/jvm/java-21-openjdk-amd64/lib/libjli.so
7c141e584000-7c141e585000 ---p 0000f000 00:2c 1188551                    /usr/lib/jvm/java-21-openjdk-amd64/lib/libjli.so
7c141e585000-7c141e586000 r--p 0000f000 00:2c 1188551                    /usr/lib/jvm/java-21-openjdk-amd64/lib/libjli.so
7c141e586000-7c141e587000 rw-p 00010000 00:2c 1188551                    /usr/lib/jvm/java-21-openjdk-amd64/lib/libjli.so
7c141e587000-7c141e589000 r--p 00000000 00:2c 132139                     /usr/lib/x86_64-linux-gnu/libz.so.1.2.11
7c141e589000-7c141e59a000 r-xp 00002000 00:2c 132139                     /usr/lib/x86_64-linux-gnu/libz.so.1.2.11
7c141e59a000-7c141e5a0000 r--p 00013000 00:2c 132139                     /usr/lib/x86_64-linux-gnu/libz.so.1.2.11
7c141e5a0000-7c141e5a1000 ---p 00019000 00:2c 132139                     /usr/lib/x86_64-linux-gnu/libz.so.1.2.11
7c141e5a1000-7c141e5a2000 r--p 00019000 00:2c 132139                     /usr/lib/x86_64-linux-gnu/libz.so.1.2.11
7c141e5a2000-7c141e5a3000 rw-p 0001a000 00:2c 132139                     /usr/lib/x86_64-linux-gnu/libz.so.1.2.11
7c141e5a3000-7c141e5a5000 rw-p 00000000 00:00 0 
7c141e5a5000-7c141e5a6000 ---p 00000000 00:00 0 
7c141e5a6000-7c141e5a7000 r--p 00000000 00:00 0 
7c141e5a7000-7c141e5a9000 r--p 00000000 00:2c 1188550                    /usr/lib/jvm/java-21-openjdk-amd64/lib/libjimage.so
7c141e5a9000-7c141e5ac000 r-xp 00002000 00:2c 1188550                    /usr/lib/jvm/java-21-openjdk-amd64/lib/libjimage.so
7c141e5ac000-7c141e5ad000 r--p 00005000 00:2c 1188550                    /usr/lib/jvm/java-21-openjdk-amd64/lib/libjimage.so
7c141e5ad000-7c141e5ae000 ---p 00006000 00:2c 1188550                    /usr/lib/jvm/java-21-openjdk-amd64/lib/libjimage.so
7c141e5ae000-7c141e5af000 r--p 00006000 00:2c 1188550                    /usr/lib/jvm/java-21-openjdk-amd64/lib/libjimage.so
7c141e5af000-7c141e5b0000 rw-p 00007000 00:2c 1188550                    /usr/lib/jvm/java-21-openjdk-amd64/lib/libjimage.so
7c141e5b0000-7c141e5b1000 r--p 00000000 00:2c 131987                     /usr/lib/x86_64-linux-gnu/ld-2.31.so
7c141e5b1000-7c141e5d4000 r-xp 00001000 00:2c 131987                     /usr/lib/x86_64-linux-gnu/ld-2.31.so
7c141e5d4000-7c141e5dc000 r--p 00024000 00:2c 131987                     /usr/lib/x86_64-linux-gnu/ld-2.31.so
7c141e5dc000-7c141e5dd000 ---p 00000000 00:00 0 
7c141e5dd000-7c141e5de000 r--p 0002c000 00:2c 131987                     /usr/lib/x86_64-linux-gnu/ld-2.31.so
7c141e5de000-7c141e5df000 rw-p 0002d000 00:2c 131987                     /usr/lib/x86_64-linux-gnu/ld-2.31.so
7c141e5df000-7c141e5e0000 rw-p 00000000 00:00 0 
7ffd99e86000-7ffd99ea8000 rw-p 00000000 00:00 0                          [stack]
7ffd99fc3000-7ffd99fc7000 r--p 00000000 00:00 0                          [vvar]
7ffd99fc7000-7ffd99fc9000 r-xp 00000000 00:00 0                          [vdso]
ffffffffff600000-ffffffffff601000 --xp 00000000 00:00 0                  [vsyscall]
Total number of mappings: 134


VM Arguments:
jvm_args: -Xms8G -Xmx16G 
java_command: paper.jar nogui
java_class_path (initial): paper.jar
Launcher Type: SUN_STANDARD

[Global flags]
     intx CICompilerCount                          = 2                                         {product} {ergonomic}
     uint ConcGCThreads                            = 1                                         {product} {ergonomic}
     uint G1ConcRefinementThreads                  = 2                                         {product} {ergonomic}
   size_t G1HeapRegionSize                         = 8388608                                   {product} {ergonomic}
    uintx GCDrainStackTargetSize                   = 64                                        {product} {ergonomic}
   size_t InitialHeapSize                          = 8589934592                                {product} {command line}
   size_t MarkStackSize                            = 4194304                                   {product} {ergonomic}
   size_t MaxHeapSize                              = 17179869184                               {product} {command line}
   size_t MinHeapDeltaBytes                        = 8388608                                   {product} {ergonomic}
   size_t MinHeapSize                              = 8589934592                                {product} {command line}
    uintx NonNMethodCodeHeapSize                   = 5826188                                {pd product} {ergonomic}
    uintx NonProfiledCodeHeapSize                  = 122916026                              {pd product} {ergonomic}
    uintx ProfiledCodeHeapSize                     = 122916026                              {pd product} {ergonomic}
    uintx ReservedCodeCacheSize                    = 251658240                              {pd product} {ergonomic}
     bool SegmentedCodeCache                       = true                                      {product} {ergonomic}
   size_t SoftMaxHeapSize                          = 17179869184                            {manageable} {ergonomic}
     bool UseCompressedOops                        = true                           {product lp64_product} {ergonomic}
     bool UseG1GC                                  = true                                      {product} {ergonomic}

Logging:
Log output configuration:
 #0: stdout all=warning uptime,level,tags foldmultilines=false
 #1: stderr all=off uptime,level,tags foldmultilines=false

Environment Variables:
JAVA_HOME=/usr/local/sdkman/candidates/java/current
PATH=/workspaces/FriendlySMP/crafty/.venv/bin:/usr/local/rvm/gems/ruby-3.3.4/bin:/usr/local/rvm/gems/ruby-3.3.4@global/bin:/usr/local/rvm/rubies/ruby-3.3.4/bin:/vscode/bin/linux-x64/ddc367ed5c8936efe395cffeec279b04ffd7db78/bin/remote-cli:/home/codespace/.local/bin:/home/codespace/.dotnet:/home/codespace/nvm/current/bin:/home/codespace/.php/current/bin:/home/codespace/.python/current/bin:/home/codespace/java/current/bin:/home/codespace/.ruby/current/bin:/home/codespace/.local/bin:/usr/local/python/current/bin:/usr/local/py-utils/bin:/usr/local/oryx:/usr/local/go/bin:/go/bin:/usr/local/sdkman/bin:/usr/local/sdkman/candidates/java/current/bin:/usr/local/sdkman/candidates/gradle/current/bin:/usr/local/sdkman/candidates/maven/current/bin:/usr/local/sdkman/candidates/ant/current/bin:/usr/local/rvm/gems/default/bin:/usr/local/rvm/gems/default@global/bin:/usr/local/rvm/rubies/default/bin:/usr/local/share/rbenv/bin:/usr/local/php/current/bin:/opt/conda/bin:/usr/local/nvs:/usr/local/share/nvm/versions/node/v20.18.1/bin:/usr/local/hugo/bin:/usr/local/sbin:/usr/local/bin:/usr/sbin:/usr/bin:/sbin:/bin:/usr/share/dotnet:/home/codespace/.dotnet/tools:/usr/local/rvm/bin
SHELL=/bin/bash
LANG=C.UTF-8
TERM=xterm-256color
TZ=Asia/Kolkata

Active Locale:
LC_ALL=C
LC_COLLATE=C
LC_CTYPE=C
LC_MESSAGES=C
LC_MONETARY=C
LC_NUMERIC=C
LC_TIME=C

Signal Handlers:
   SIGSEGV: crash_handler in libjvm.so, mask=11100100010111111101111111111110, flags=SA_RESTART|SA_SIGINFO, unblocked
    SIGBUS: crash_handler in libjvm.so, mask=11100100010111111101111111111110, flags=SA_RESTART|SA_SIGINFO, unblocked
    SIGFPE: crash_handler in libjvm.so, mask=11100100010111111101111111111110, flags=SA_RESTART|SA_SIGINFO, unblocked
   SIGPIPE: javaSignalHandler in libjvm.so, mask=11100100010111111101111111111110, flags=SA_RESTART|SA_SIGINFO, blocked
   SIGXFSZ: javaSignalHandler in libjvm.so, mask=11100100010111111101111111111110, flags=SA_RESTART|SA_SIGINFO, blocked
    SIGILL: crash_handler in libjvm.so, mask=11100100010111111101111111111110, flags=SA_RESTART|SA_SIGINFO, unblocked
   SIGUSR2: SR_handler in libjvm.so, mask=00000000000000000000000000000000, flags=SA_RESTART|SA_SIGINFO, blocked
    SIGHUP: SIG_DFL, mask=00000000000000000000000000000000, flags=none, blocked
    SIGINT: SIG_DFL, mask=00000000000000000000000000000000, flags=none, blocked
   SIGTERM: SIG_DFL, mask=00000000000000000000000000000000, flags=none, blocked
   SIGQUIT: UserHandler in libjvm.so, mask=11100100010111111101111111111110, flags=SA_RESTART|SA_SIGINFO, blocked
   SIGTRAP: crash_handler in libjvm.so, mask=11100100010111111101111111111110, flags=SA_RESTART|SA_SIGINFO, unblocked


Periodic native trim disabled

---------------  S Y S T E M  ---------------

OS:
DISTRIB_ID=Ubuntu
DISTRIB_RELEASE=20.04
DISTRIB_CODENAME=focal
DISTRIB_DESCRIPTION="Ubuntu 20.04.6 LTS"
uname: Linux 6.8.0-1021-azure #25~22.04.1-Ubuntu SMP Thu Jan 16 21:37:09 UTC 2025 x86_64
OS uptime: 0 days 1:26 hours
libc: glibc 2.31 NPTL 2.31 
rlimit (soft/hard): STACK 8192k/infinity , CORE infinity/infinity , NPROC infinity/infinity , NOFILE 1048576/1048576 , AS infinity/infinity , CPU infinity/infinity , DATA infinity/infinity , FSIZE infinity/infinity , MEMLOCK 8192k/8192k
load average: 1.35 2.01 3.35

/proc/meminfo:
MemTotal:        8129232 kB
MemFree:         4284052 kB
MemAvailable:    6116376 kB
Buffers:           26764 kB
Cached:          2006476 kB
SwapCached:            0 kB
Active:          1222844 kB
Inactive:        2217572 kB
Active(anon):    1089140 kB
Inactive(anon):   390300 kB
Active(file):     133704 kB
Inactive(file):  1827272 kB
Unevictable:       27888 kB
Mlocked:           27888 kB
SwapTotal:             0 kB
SwapFree:              0 kB
Zswap:                 0 kB
Zswapped:              0 kB
Dirty:             11924 kB
Writeback:             0 kB
AnonPages:       1403752 kB
Mapped:           205784 kB
Shmem:             63236 kB
KReclaimable:     184960 kB
Slab:             266420 kB
SReclaimable:     184960 kB
SUnreclaim:        81460 kB
KernelStack:        7792 kB
PageTables:        22892 kB
SecPageTables:         0 kB
NFS_Unstable:          0 kB
Bounce:                0 kB
WritebackTmp:          0 kB
CommitLimit:     4064616 kB
Committed_AS:    3398272 kB
VmallocTotal:   34359738367 kB
VmallocUsed:       40984 kB
VmallocChunk:          0 kB
Percpu:             1128 kB
HardwareCorrupted:     0 kB
AnonHugePages:    747520 kB
ShmemHugePages:        0 kB
ShmemPmdMapped:        0 kB
FileHugePages:         0 kB
FilePmdMapped:         0 kB
Unaccepted:            0 kB
HugePages_Total:       0
HugePages_Free:        0
HugePages_Rsvd:        0
HugePages_Surp:        0
Hugepagesize:       2048 kB
Hugetlb:               0 kB
DirectMap4k:      147392 kB
DirectMap2M:     5095424 kB
DirectMap1G:     5242880 kB

/sys/kernel/mm/transparent_hugepage/enabled: [always] madvise never
/sys/kernel/mm/transparent_hugepage/hpage_pmd_size: 2097152
/sys/kernel/mm/transparent_hugepage/defrag (defrag/compaction efforts parameter): always defer defer+madvise [madvise] never

Process Memory:
Virtual Size: 9438548K (peak: 17822648K)
Resident Set Size: 21044K (peak: 21044K) (anon: 7220K, file: 13824K, shmem: 0K)
Swapped out: 0K
C-Heap outstanding allocations: 9924K, retained: 599K (may have wrapped)
glibc malloc tunables: (default)

/proc/sys/kernel/threads-max (system-wide limit on the number of threads): 63466
/proc/sys/vm/max_map_count (maximum number of memory map areas a process may have): 65530
/proc/sys/vm/swappiness (control to define how aggressively the kernel swaps out anonymous memory): 60
/proc/sys/kernel/pid_max (system-wide limit on number of process identifiers): 4194304

container (cgroup) information:
container_type: cgroupv2
cpu_cpuset_cpus: not supported
cpu_memory_nodes: not supported
active_processor_count: 2
cpu_quota: no quota
cpu_period: 100000
cpu_shares: no shares
memory_limit_in_bytes: unlimited
memory_and_swap_limit_in_bytes: unlimited
memory_soft_limit_in_bytes: unlimited
memory_usage_in_bytes: 1243056 k
memory_max_usage_in_bytes: not supported
memory_swap_current_in_bytes: unlimited
memory_swap_max_limit_in_bytes: unlimited
maximum number of tasks: unlimited
current number of tasks: 131

Hyper-V virtualization detected
Steal ticks since vm start: 0
Steal ticks percentage since vm start:  0.000

CPU: total 2 (initial active 2) (16 cores per cpu, 2 threads per core) family 25 model 1 stepping 1 microcode 0xffffffff, cx8, cmov, fxsr, ht, mmx, 3dnowpref, sse, sse2, sse3, ssse3, sse4a, sse4.1, sse4.2, popcnt, lzcnt, tsc, tscinvbit, avx, avx2, aes, erms, clmul, bmi1, bmi2, adx, sha, fma, vzeroupper, clflush, clflushopt, hv, rdtscp, rdpid, fsrm, f16c, cet_ss
CPU Model and flags from /proc/cpuinfo:
model name	: AMD EPYC 7763 64-Core Processor
flags		: fpu vme de pse tsc msr pae mce cx8 apic sep mtrr pge mca cmov pat pse36 clflush mmx fxsr sse sse2 ht syscall nx mmxext fxsr_opt pdpe1gb rdtscp lm constant_tsc rep_good nopl tsc_reliable nonstop_tsc cpuid extd_apicid aperfmperf pni pclmulqdq ssse3 fma cx16 pcid sse4_1 sse4_2 movbe popcnt aes xsave avx f16c rdrand hypervisor lahf_lm cmp_legacy svm cr8_legacy abm sse4a misalignsse 3dnowprefetch osvw topoext vmmcall fsgsbase bmi1 avx2 smep bmi2 erms invpcid rdseed adx smap clflushopt clwb sha_ni xsaveopt xsavec xgetbv1 xsaves user_shstk clzero xsaveerptr rdpru arat npt nrip_save tsc_scale vmcb_clean flushbyasid decodeassists pausefilter pfthreshold v_vmsave_vmload umip vaes vpclmulqdq rdpid fsrm

Online cpus: 0-1
Offline cpus: 
BIOS frequency limitation: <Not Available>
Frequency switch latency (ns): <Not Available>
Available cpu frequencies: <Not Available>
Current governor: <Not Available>
Core performance/turbo boost: <Not Available>

Memory: 4k page, physical 8129232k(6116376k free), swap 0k(0k free)
Page Sizes: 4k

vm_info: OpenJDK 64-Bit Server VM (21.0.6+7-Ubuntu-120.04.1) for linux-amd64 JRE (21.0.6+7-Ubuntu-120.04.1), built on 2025-01-23T22:51:56Z by "buildd" with gcc 10.5.0

END.
